{
    "completed_objectives": [
        {
            "objective": "\"Create a characterization test suite for `agent/cycle_runner.py` focusing on the `run_cycles` function (CC:89) that uses `unittest.mock` to isolate external dependencies (AgentState, QueueManager), starting with verifying initialization sequence and core loop invariants. Implement the tests in a new file `tests/agent/test_cycle_runner.py` using a stepwise approach: first mock AgentState constructor calls, then validate cycle count tracking, before attempting full execution flow. This establishes a safety net for future refactoring of this mission-critical component.\"",
            "strategy_used": "CREATE_NEW_TEST_FILE_STRATEGY",
            "details": "Strategy 'CREATE_NEW_TEST_FILE_STRATEGY' completed. Status: STRATEGY_COMPLETED_NO_EXPLICIT_FAILURE.",
            "date": "2025-07-04T00:07:00.915405+00:00",
            "status": "completed"
        },
        {
            "objective": "\"Refatorar a função `run_cycles` em `agent/cycle_runner.py` (CC:89, LOC:460) dividindo-a em componentes menores e testáveis, começando pela extração da lógica de inicialização do ciclo para `_initialize_cycle_state()`, da lógica de execução principal para `_execute_cycle_core()`, e do tratamento de erros para `_handle_cycle_errors()`. Implementar testes de integração em `tests/agent/test_cycle_runner.py` que validem o fluxo entre os novos componentes usando mocks hierárquicos, garantindo cobertura dos caminhos críticos identificados nas falhas anteriores de pytest.\"",
            "strategy_used": "SYNTAX_AND_PYTEST",
            "details": "Strategy 'SYNTAX_AND_PYTEST' completed. Status: STRATEGY_COMPLETED_NO_EXPLICIT_FAILURE.",
            "date": "2025-07-04T00:10:45.358334+00:00",
            "status": "completed"
        },
        {
            "objective": "Analisar o estado atual do projeto e propor uma melhoria incremental",
            "strategy_used": "CREATE_NEW_TEST_FILE_STRATEGY",
            "details": "Strategy 'CREATE_NEW_TEST_FILE_STRATEGY' completed. Status: STRATEGY_COMPLETED_NO_EXPLICIT_FAILURE.",
            "date": "2025-07-04T00:11:56.975075+00:00",
            "status": "completed"
        },
        {
            "objective": "Based on a comprehensive analysis of the performance metrics, code complexity, strategic roadmap, and recent project history, the most impactful next objective is:\n\n**\"Analisar as falhas recorrentes da estratégia 'SYNTAX_AND_PYTEST' (taxa de sucesso 85.71%) no evolution_log.csv para identificar padrões de erro comuns. Propor modificações específicas nos prompts do ArchitectAgent ou MaestroAgent para melhorar a qualidade dos patches gerados, ou criar uma nova estratégia de validação no hephaestus_config.json que inclua verificação de complexidade ciclomática antes da aplicação de alterações.\"**\n\n### Rationale:\n1. **RSI Priority Alignment:** Directly addresses the low success rate (85.71%) of the most frequently used strategy (SYNTAX_AND_PYTEST), fulfilling the RSI focus on prompt/strategy optimization from the roadmap.\n2. **Performance Gap:** Targets the primary failure vector (14.29% failure rate) impacting overall agent effectiveness.\n3. **Roadmap Advancement:** Implements \"Otimização de Prompts e Estratégias\" from CAPABILITIES.md and \"Gerenciamento de Estratégias Dinâmicas\" from Phase 2 of the roadmap.\n4. **Failure Pattern Prevention:** Avoids repeating recent test failures in cycle_runner.py by addressing root causes in patch generation quality.\n5. **Structural Impact:** Potential to reduce future refactoring needs by preventing high-complexity changes (like apply_patches CC:65 and run_cycles CC:89).\n6. **Actionable Specificity:** Clearly defines analysis targets (error logs), modification targets (agent prompts/config), and quality gates (cyclomatic checks).",
            "strategy_used": "SYNTAX_AND_PYTEST",
            "details": "Strategy 'SYNTAX_AND_PYTEST' completed. Status: STRATEGY_COMPLETED_NO_EXPLICIT_FAILURE.",
            "date": "2025-07-04T00:19:26.597358+00:00",
            "status": "completed"
        },
        {
            "objective": "**Next Strategic Objective:**  \n\"Refatorar as funções `apply_patches` (CC:65) em `agent/patch_applicator.py` e `run_cycles` (CC:92) em `agent/cycle_runner.py`, dividindo-as em subfunções menores e mais coesas para reduzir complexidade. Paralelamente, criar testes unitários em `tests/agent/test_patch_applicator.py` e `tests/agent/test_cycle_runner.py` para validar a estabilidade das alterações, e integrar a estratégia `CYCLOMATIC_COMPLEXITY_CHECK` no `hephaestus_config.json` para bloquear patches com CC > 30 antes da aplicação, reduzindo falhas no `SYNTAX_AND_PYTEST`.\"  \n\n**Rationale:**  \n1. **RSI Alignment:** Direciona para refatoração estrutural (redução de CC) e otimização de estratégias de validação, alinhado a \"Refatoração Orientada a Capacidades\" (Fase 1) e \"Gerenciamento de Estratégias Dinâmicas\" (Fase 2).  \n2. **Performance Gap:** Resolve falhas recorrentes no `SYNTAX_AND_PYTEST` causadas por patches de alta complexidade (CC:65 em `apply_patches`, CC:89 em `run_cycles` no histórico recente).  \n3. **Code Quality:** Aborda funções com CC extremamente elevada, prevenindo futuros erros e facilitando testes.  \n4. **Test Coverage:** Preenche lacunas de testes para módulos críticos (`patch_applicator.py`, `cycle_runner.py`) e implementa validação proativa de complexidade.  \n5. **Actionable:** Especifica refatoração de funções, criação de testes e integração de uma nova estratégia no config, com alvo claro de melhorar a taxa de sucesso do `SYNTAX_AND_PYTEST`.",
            "strategy_used": "CONFIG_UPDATE_STRATEGY",
            "details": "Applied. Sanity (check_file_existence): OK. Details: Nenhum arquivo aplicado para verificar na sanidade.",
            "date": "2025-07-04T02:15:02.850220+00:00",
            "status": "completed"
        },
        {
            "objective": "**Next Strategic Objective:**  \n\"Refinar os prompts do `ArchitectAgent` e `MaestroAgent` utilizados para modificar o `hephaestus_config.json`, adicionando restrições de validação de sintaxe JSON e lógica de estruturação de configurações. Paralelamente, criar testes unitários em `tests/agent/test_config_loader.py` e `tests/agent/validation_steps/test_syntax_validator.py` para garantir que alterações no config não introduzam erros de sintaxe ou formatação, e integrar uma verificação de validade JSON no fluxo de `COMPREHENSIVE_PRE_VALIDATION` antes da aplicação de patches.\"  \n\n**Rationale:**  \n1. **RSI Alignment:** Direciona para otimização de prompts e estratégias de validação, alinhado a \"Otimização de Prompts e Estratégias\" (Fase 1) e \"Gerenciamento de Estratégias Dinâmicas\" (Fase 2).  \n2. **Performance Gap:** Resolve falhas recorrentes em estratégias de configuração (ex: `CONFIG_UPDATE_STRATEGY` com 61.11% de sucesso) causadas por erros de sintaxe em `hephaestus_config.json`.  \n3. **Code Quality:** Aborda a falta de validação rigorosa em atualizações de config, prevenindo falhas no sandbox e melhorando a estabilidade do agente.  \n4. **Test Coverage:** Preenche lacunas de testes para módulos críticos (`config_loader.py`, `syntax_validator.py`) e garante validação proativa de alterações no config.  \n5. **Actionable Specificity:** Define ações claras (refinamento de prompts, criação de testes, integração de validação JSON) com foco em evitar repetição de falhas anteriores.",
            "strategy_used": "CONFIG_UPDATE_STRATEGY",
            "details": "Applied. Sanity (check_file_existence): OK. Details: Nenhum arquivo aplicado para verificar na sanidade.",
            "date": "2025-07-04T02:30:15.292200+00:00",
            "status": "completed"
        },
        {
            "objective": "**Next Strategic Objective:**  \n\"Implementar uma validação estrutural robusta para o `hephaestus_config.json` antes de qualquer atualização, corrigindo falhas na estratégia `CONFIG_SYNTAX_CHECK` (0% de sucesso). Criar testes unitários em `tests/agent/validation_steps/test_syntax_validator.py` e `tests/agent/config_loader.py` para garantir que alterações no config respeitem o esquema definido, e integrar uma verificação de estrutura JSON no fluxo de `COMPREHENSIVE_PRE_VALIDATION` para bloquear patches inválidos, com foco em evitar erros de 'Extra data' e garantir conformidade com o manifesto de capacidades.\"  \n\n**Rationale:**  \n1. **RSI Alignment:** Direciona para otimização de estratégias de validação (`CONFIG_SYNTAX_CHECK`) e melhoria de testes, alinhado a \"Estratégias de Validação Dinâmicas\" (Fase 2).  \n2. **Performance Gap:** Resolve falhas críticas em `CONFIG_SYNTAX_CHECK` e previne erros recorrentes em `CONFIG_UPDATE_STRATEGY` causados por formatação incorreta.  \n3. **Code Quality:** Aborda a falta de validação estrutural no `config_loader.py` e `syntax_validator.py`, módulos essenciais para integridade do config.  \n4. **Test Coverage:** Preenche lacunas de testes para validação de estrutura JSON e carregamento de config, garantindo detecção proativa de erros.  \n5. **Actionable Specificity:** Define ações claras (validação estrutural, criação de testes, integração no fluxo de pre-validação) com foco em corrigir a causa raiz das falhas recentes.\n\n[CODE REVIEW FEEDBACK]\nPlease address the following issues in your new plan:\n1. The schema in `validate_config_structure` does not restrict additional properties (e.g., extra fields in `agent` or `validation`), allowing invalid configurations. Add `additionalProperties: False` to relevant schema sections.\n2. `test_valid_config_structure` incorrectly expects a ValueError for a valid configuration. Remove the first `pytest.raises` block and ensure the test passes without exceptions.\n3. `test_invalid_config_structure` fails to validate unauthorized top-level fields (e.g., `unauthorized_field`) because the schema does not enforce strict structure at the root level. Add `additionalProperties: False` to the top-level schema.\n4. In `config_loader.py`, the import path `from agent.validation_steps.syntax.syntax` is incorrect. It should be `from agent.validation_steps.syntax_validator`.\n5. `test_load_config_invalid_structure` does not pass the `invalid_config` to `load_config`, making the test invalid. Fix the test to use the provided invalid configuration.",
            "strategy_used": "SYNTAX_ONLY",
            "details": "Applied. Sanity (skip_sanity_check): OK. Details: Verificação de sanidade pulada conforme configuração.",
            "date": "2025-07-04T03:03:15.779563+00:00",
            "status": "completed"
        }
    ],
    "failed_objectives": [
        {
            "objective": "\"Refatorar a função `generate_next_objective` em `agent/brain.py` (CC:43, LOC:162) dividindo-a em componentes especializados: criar `_analyze_performance_for_objectives()` para lógica de análise de métricas, `_build_capability_gap_analysis()` para alinhamento com roadmap, e `_compile_strategic_objective()` para síntese final. Implementar testes de integração em `tests/agent/test_brain.py` validando a geração de objetivos baseada em diferentes cenários de performance e gaps de capacidades, com mock de `evolution_log.csv` e `CAPABILITIES.md`.\"",
            "reason": "MAESTRO_PHASE_FAILED",
            "details": "MaestroAgent could not decide on a strategy.",
            "date": "2025-07-04T00:16:23.581412+00:00",
            "status": "failed"
        },
        {
            "objective": "[CAPACITATION TASK] Refatorar a função `apply_patches` em `agent/brain.py` (CC:43) dividindo-a em subfunções especializadas `_split_patches_by_type()` e `_apply_patch_with_validation()`, adicionar testes unitários em `tests/agent/test_brain.py` para validar a estabilidade, e criar uma nova estratégia de validação `CYCLOMATIC_COMPLEXITY_CHECK` em `hephaestus_config.json` que bloqueie alterações com complexidade ciclomática acima de 30 antes da aplicação.",
            "reason": "PYTEST_FAILURE",
            "details": "Pytest Command: pytest tests/ (CWD: .)\nExit Code: 1\n\nStdout:\n============================= test session starts ==============================\nplatform linux -- Python 3.11.9, pytest-8.4.1, pluggy-1.6.0\nrootdir: /home/arthur/projects/agente_autonomo\nconfigfile: pyproject.toml\nplugins: mock-3.14.1, anyio-4.9.0, hydra-core-1.3.2\ncollected 176 items\n\ntests/agent/test_brain.py ......                                         [  3%]\ntests/agent/test_error_analyzer.py .......                               [  7%]\ntests/agent/test_patch_applicator.py ...........                         [ 13%]\ntests/agent/test_performance_analyzer.py ...                             [ 15%]\ntests/agent/test_prompt_builder.py .......                               [ 19%]\ntests/agent/test_tool_executor.py FFF                                    [ 21%]\ntests/agent/test_web_search.py FFFF                                      [ 23%]\ntests/agent/utils/test_llm_client.py ........                            [ 27%]\ntests/agent/validation_steps/test_pytest_new_file_validator.py ......... [ 32%]\n                                                                         [ 32%]\ntests/test_agents.py ..................                                  [ 43%]\ntests/test_brain.py .............                                        [ 50%]\ntests/test_code_metrics.py .................                             [ 60%]\ntests/test_code_validator.py ..........                                  [ 65%]\ntests/test_config_loading.py ....                                        [ 68%]\ntests/test_hephaestus.py ...                                             [ 69%]\ntests/test_memory.py ................                                    [ 78%]\ntests/test_patch_applicator.py ..........................                [ 93%]\ntests/test_project_scanner.py ...........                                [100%]\n\n=================================== FAILURES ===================================\n____________________ TestToolExecutor.test_web_search_error ____________________\n\nself = <test_tool_executor.TestToolExecutor testMethod=test_web_search_error>\nmock_get = <MagicMock name='get' id='133718440497936'>\n\n    @patch('agent.tool_executor.requests.get')\n    def test_web_search_error(self, mock_get):\n        # Configurar mock para lançar exceção\n        mock_get.side_effect = Exception(\"Erro de conexão\")\n    \n        # Executar função\n        success, results = web_search(\"test query\")\n    \n        # Verificar resultados\n>       self.assertFalse(success)\nE       AssertionError: True is not false\n\ntests/agent/test_tool_executor.py:52: AssertionError\n----------------------------- Captured stdout call -----------------------------\nErro na busca DuckDuckGo: Erro de conexão\nErro na busca DuckDuckGo: Erro de conexão\n_________________ TestToolExecutor.test_web_search_no_results __________________\n\nself = <test_tool_executor.TestToolExecutor testMethod=test_web_search_no_results>\nmock_get = <MagicMock name='get' id='133718440504208'>\n\n    @patch('agent.tool_executor.requests.get')\n    def test_web_search_no_results(self, mock_get):\n        # Configurar mock\n        mock_response = MagicMock()\n        mock_response.status_code = 200\n        mock_response.json.return_value = {\"Results\": []}\n        mock_get.return_value = mock_response\n    \n        # Executar função\n        success, results = web_search(\"test query\")\n    \n        # Verificar resultados\n        self.assertTrue(success)\n>       self.assertEqual(\"Nenhum resultado encontrado para a pesquisa.\", results)\nE       AssertionError: 'Nenhum resultado encontrado para a pesquisa.' != \"Nenhum resultado relevante encontrado para: 'test query'\"\nE       - Nenhum resultado encontrado para a pesquisa.\nE       + Nenhum resultado relevante encontrado para: 'test query'\n\ntests/agent/test_tool_executor.py:41: AssertionError\n___________________ TestToolExecutor.test_web_search_success ___________________\n\nself = <test_tool_executor.TestToolExecutor testMethod=test_web_search_success>\nmock_get = <MagicMock name='get' id='133718438746000'>\n\n    @patch('agent.tool_executor.requests.get')\n    def test_web_search_success(self, mock_get):\n        # Configurar mock\n        mock_response = MagicMock()\n        mock_response.status_code = 200\n        mock_response.json.return_value = {\n            \"Results\": [\n                {\"Text\": \"Resultado 1\", \"FirstURL\": \"https://exemplo.com/1\"},\n                {\"Text\": \"Resultado 2\", \"FirstURL\": \"https://exemplo.com/2\"}\n            ]\n        }\n        mock_get.return_value = mock_response\n    \n        # Executar função\n        success, results = web_search(\"test query\")\n    \n        # Verificar resultados\n        self.assertTrue(success)\n>       self.assertIn(\"Resultado 1\", results)\nE       AssertionError: 'Resultado 1' not found in \"Nenhum resultado relevante encontrado para: 'test query'\"\n\ntests/agent/test_tool_executor.py:25: AssertionError\n___________________________ test_web_search_success ____________________________\n\nmock_requests_get = <MagicMock name='get' id='133718440320208'>\n\n    def test_web_search_success(mock_requests_get):\n        # Mock successful API response\n        mock_response = MagicMock()\n        mock_response.status_code = 200\n        mock_response.json.return_value = {\n            \"Results\": [\n                {\"Text\": \"Test result 1\", \"FirstURL\": \"https://example.com/1\"},\n                {\"Text\": \"Test result 2\", \"FirstURL\": \"https://example.com/2\"}\n            ]\n        }\n        mock_requests_get.return_value = mock_response\n    \n        success, results = web_search(\"test query\")\n    \n        assert success is True\n>       assert \"1. Test result 1\" in results\nE       AssertionError: assert '1. Test result 1' in '🔍 RESULTADOS DA PESQUISA WEB:\\n\\n1. **Test result 1**\\n   🔗 https://example.com/1\\n   📝 Test result 1\\n   ⭐ Relevância: 4.0\\n\\n2. **Test result 2**\\n   🔗 https://example.com/2\\n   📝 Test result 2\\n   ⭐ Relevância: 4.0\\n'\n\ntests/agent/test_web_search.py:26: AssertionError\n__________________________ test_web_search_no_results __________________________\n\nmock_requests_get = <MagicMock name='get' id='133718438904848'>\n\n    def test_web_search_no_results(mock_requests_get):\n        # Mock empty results\n        mock_response = MagicMock()\n        mock_response.status_code = 200\n        mock_response.json.return_value = {\"Results\": []}\n        mock_requests_get.return_value = mock_response\n    \n        success, results = web_search(\"test query\")\n    \n        assert success is True\n>       assert \"Nenhum resultado encontrado para a pesquisa.\" in results\nE       assert 'Nenhum resultado encontrado para a pesquisa.' in \"Nenhum resultado relevante encontrado para: 'test query'\"\n\ntests/agent/test_web_search.py:41: AssertionError\n__________________________ test_web_search_api_error ___________________________\n\nmock_requests_get = <MagicMock name='get' id='133718438907408'>\n\n    def test_web_search_api_error(mock_requests_get):\n        # Mock API error\n        mock_requests_get.side_effect = Exception(\"API error\")\n    \n        success, results = web_search(\"test query\")\n    \n>       assert success is False\nE       assert True is False\n\ntests/agent/test_web_search.py:49: AssertionError\n----------------------------- Captured stdout call -----------------------------\nErro na busca DuckDuckGo: API error\nErro na busca DuckDuckGo: API error\n_______________________ test_web_search_connection_error _______________________\n\nmock_requests_get = <MagicMock name='get' id='133718438990352'>\n\n    def test_web_search_connection_error(mock_requests_get):\n        # Mock connection error\n        mock_requests_get.side_effect = requests.exceptions.ConnectionError(\"Connection failed\")\n    \n        success, results = web_search(\"test query\")\n    \n>       assert success is False\nE       assert True is False\n\ntests/agent/test_web_search.py:58: AssertionError\n----------------------------- Captured stdout call -----------------------------\nErro na busca DuckDuckGo: Connection failed\nErro na busca DuckDuckGo: Connection failed\n=========================== short test summary info ============================\nFAILED tests/agent/test_tool_executor.py::TestToolExecutor::test_web_search_error\nFAILED tests/agent/test_tool_executor.py::TestToolExecutor::test_web_search_no_results\nFAILED tests/agent/test_tool_executor.py::TestToolExecutor::test_web_search_success\nFAILED tests/agent/test_web_search.py::test_web_search_success - AssertionErr...\nFAILED tests/agent/test_web_search.py::test_web_search_no_results - assert 'N...\nFAILED tests/agent/test_web_search.py::test_web_search_api_error - assert Tru...\nFAILED tests/agent/test_web_search.py::test_web_search_connection_error - ass...\n======================== 7 failed, 169 passed in 1.33s =========================\n\nStderr:\n",
            "date": "2025-07-04T01:06:02.022567+00:00",
            "status": "failed"
        },
        {
            "objective": "**Next Strategic Objective:**  \n\"Analisar os 5 falhas do Strategy 'SYNTAX_AND_PYTEST' no evolution_log.csv para identificar padrões de erro específicos em patches gerados pelo ArchitectAgent. Refinar o prompt do ArchitectAgent em `prompt_builder.py` para incluir restrições de complexidade ciclomática (CC ≤ 30) e validação de impacto no código existente. Paralelamente, criar testes unitários em `tests/agent/validation_steps/test_patch_applicator.py` para a nova estratégia `CYCLOMATIC_COMPLEXITY_CHECK` proposta, garantindo que ela bloqueie alterações com CC elevada antes da aplicação, evitando falhas futuras.\"  \n\n**Rationale:**  \n1. **RSI Alignment:** Direciona para otimização de prompts (prompt_builder.py) e estratégias dinâmicas (CYCLOMATIC_COMPLEXITY_CHECK), alinhado ao roadmap de \"Otimização de Prompts e Estratégias\" e \"Gerenciamento de Estratégias Dinâmicas\".  \n2. **Performance Gap:** Resolve a principal falha do SYNTAX_AND_PYTEST (14.29% de falha) ao melhorar a qualidade dos patches gerados e adicionar uma camada de segurança contra complexidade excessiva.  \n3. **Test Coverage:** Preenche a lacuna de testes para `patch_applicator.py` e `validation_steps`, garantindo robustez na nova estratégia.  \n4. **Avoiding Repeats:** Baseia-se na falha anterior de `apply_patches` (CC:65) e `run_cycles` (CC:89), propondo validação proativa de complexidade antes da aplicação.  \n5. **Actionable:** Especifica análise de logs, refinamento de prompt e implementação de testes para a nova estratégia.",
            "reason": "PYTEST_FAILURE_IN_SANDBOX",
            "details": "Pytest Command: pytest tests/ (CWD: /tmp/hephaestus_sandbox_s1regqty)\nExit Code: 1\n\nStdout:\n============================= test session starts ==============================\nplatform linux -- Python 3.11.9, pytest-8.4.1, pluggy-1.6.0\nrootdir: /tmp/hephaestus_sandbox_s1regqty\nconfigfile: pyproject.toml\nplugins: mock-3.14.1, anyio-4.9.0, hydra-core-1.3.2\ncollected 176 items\n\ntests/agent/test_brain.py ......                                         [  3%]\ntests/agent/test_error_analyzer.py .......                               [  7%]\ntests/agent/test_patch_applicator.py ...........                         [ 13%]\ntests/agent/test_performance_analyzer.py ...                             [ 15%]\ntests/agent/test_prompt_builder.py .......                               [ 19%]\ntests/agent/test_tool_executor.py FFF                                    [ 21%]\ntests/agent/test_web_search.py FFFF                                      [ 23%]\ntests/agent/utils/test_llm_client.py ........                            [ 27%]\ntests/agent/validation_steps/test_pytest_new_file_validator.py ......... [ 32%]\n                                                                         [ 32%]\ntests/test_agents.py ..................                                  [ 43%]\ntests/test_brain.py .............                                        [ 50%]\ntests/test_code_metrics.py .................                             [ 60%]\ntests/test_code_validator.py ..........                                  [ 65%]\ntests/test_config_loading.py ....                                        [ 68%]\ntests/test_hephaestus.py ...                                             [ 69%]\ntests/test_memory.py ................                                    [ 78%]\ntests/test_patch_applicator.py ..........................                [ 93%]\ntests/test_project_scanner.py ...........                                [100%]\n\n=================================== FAILURES ===================================\n____________________ TestToolExecutor.test_web_search_error ____________________\n\nself = <test_tool_executor.TestToolExecutor testMethod=test_web_search_error>\nmock_get = <MagicMock name='get' id='132769686326864'>\n\n    @patch('agent.tool_executor.requests.get')\n    def test_web_search_error(self, mock_get):\n        # Configurar mock para lançar exceção\n        mock_get.side_effect = Exception(\"Erro de conexão\")\n    \n        # Executar função\n        success, results = web_search(\"test query\")\n    \n        # Verificar resultados\n>       self.assertFalse(success)\nE       AssertionError: True is not false\n\n/home/arthur/projects/agente_autonomo/tests/agent/test_tool_executor.py:52: AssertionError\n----------------------------- Captured stdout call -----------------------------\nErro na busca DuckDuckGo: Erro de conexão\nErro na busca DuckDuckGo: Erro de conexão\n_________________ TestToolExecutor.test_web_search_no_results __________________\n\nself = <test_tool_executor.TestToolExecutor testMethod=test_web_search_no_results>\nmock_get = <MagicMock name='get' id='132769686323344'>\n\n    @patch('agent.tool_executor.requests.get')\n    def test_web_search_no_results(self, mock_get):\n        # Configurar mock\n        mock_response = MagicMock()\n        mock_response.status_code = 200\n        mock_response.json.return_value = {\"Results\": []}\n        mock_get.return_value = mock_response\n    \n        # Executar função\n        success, results = web_search(\"test query\")\n    \n        # Verificar resultados\n        self.assertTrue(success)\n>       self.assertEqual(\"Nenhum resultado encontrado para a pesquisa.\", results)\nE       AssertionError: 'Nenhum resultado encontrado para a pesquisa.' != \"Nenhum resultado relevante encontrado para: 'test query'\"\nE       - Nenhum resultado encontrado para a pesquisa.\nE       + Nenhum resultado relevante encontrado para: 'test query'\n\n/home/arthur/projects/agente_autonomo/tests/agent/test_tool_executor.py:41: AssertionError\n___________________ TestToolExecutor.test_web_search_success ___________________\n\nself = <test_tool_executor.TestToolExecutor testMethod=test_web_search_success>\nmock_get = <MagicMock name='get' id='132769684528464'>\n\n    @patch('agent.tool_executor.requests.get')\n    def test_web_search_success(self, mock_get):\n        # Configurar mock\n        mock_response = MagicMock()\n        mock_response.status_code = 200\n        mock_response.json.return_value = {\n            \"Results\": [\n                {\"Text\": \"Resultado 1\", \"FirstURL\": \"https://exemplo.com/1\"},\n                {\"Text\": \"Resultado 2\", \"FirstURL\": \"https://exemplo.com/2\"}\n            ]\n        }\n        mock_get.return_value = mock_response\n    \n        # Executar função\n        success, results = web_search(\"test query\")\n    \n        # Verificar resultados\n        self.assertTrue(success)\n>       self.assertIn(\"Resultado 1\", results)\nE       AssertionError: 'Resultado 1' not found in \"Nenhum resultado relevante encontrado para: 'test query'\"\n\n/home/arthur/projects/agente_autonomo/tests/agent/test_tool_executor.py:25: AssertionError\n___________________________ test_web_search_success ____________________________\n\nmock_requests_get = <MagicMock name='get' id='132769684536912'>\n\n    def test_web_search_success(mock_requests_get):\n        # Mock successful API response\n        mock_response = MagicMock()\n        mock_response.status_code = 200\n        mock_response.json.return_value = {\n            \"Results\": [\n                {\"Text\": \"Test result 1\", \"FirstURL\": \"https://example.com/1\"},\n                {\"Text\": \"Test result 2\", \"FirstURL\": \"https://example.com/2\"}\n            ]\n        }\n        mock_requests_get.return_value = mock_response\n    \n        success, results = web_search(\"test query\")\n    \n        assert success is True\n>       assert \"1. Test result 1\" in results\nE       AssertionError: assert '1. Test result 1' in '🔍 RESULTADOS DA PESQUISA WEB:\\n\\n1. **Test result 1**\\n   🔗 https://example.com/1\\n   📝 Test result 1\\n   ⭐ Relevância: 4.0\\n\\n2. **Test result 2**\\n   🔗 https://example.com/2\\n   📝 Test result 2\\n   ⭐ Relevância: 4.0\\n'\n\n/home/arthur/projects/agente_autonomo/tests/agent/test_web_search.py:26: AssertionError\n__________________________ test_web_search_no_results __________________________\n\nmock_requests_get = <MagicMock name='get' id='132769684684432'>\n\n    def test_web_search_no_results(mock_requests_get):\n        # Mock empty results\n        mock_response = MagicMock()\n        mock_response.status_code = 200\n        mock_response.json.return_value = {\"Results\": []}\n        mock_requests_get.return_value = mock_response\n    \n        success, results = web_search(\"test query\")\n    \n        assert success is True\n>       assert \"Nenhum resultado encontrado para a pesquisa.\" in results\nE       assert 'Nenhum resultado encontrado para a pesquisa.' in \"Nenhum resultado relevante encontrado para: 'test query'\"\n\n/home/arthur/projects/agente_autonomo/tests/agent/test_web_search.py:41: AssertionError\n__________________________ test_web_search_api_error ___________________________\n\nmock_requests_get = <MagicMock name='get' id='132769684670736'>\n\n    def test_web_search_api_error(mock_requests_get):\n        # Mock API error\n        mock_requests_get.side_effect = Exception(\"API error\")\n    \n        success, results = web_search(\"test query\")\n    \n>       assert success is False\nE       assert True is False\n\n/home/arthur/projects/agente_autonomo/tests/agent/test_web_search.py:49: AssertionError\n----------------------------- Captured stdout call -----------------------------\nErro na busca DuckDuckGo: API error\nErro na busca DuckDuckGo: API error\n_______________________ test_web_search_connection_error _______________________\n\nmock_requests_get = <MagicMock name='get' id='132769684617680'>\n\n    def test_web_search_connection_error(mock_requests_get):\n        # Mock connection error\n        mock_requests_get.side_effect = requests.exceptions.ConnectionError(\"Connection failed\")\n    \n        success, results = web_search(\"test query\")\n    \n>       assert success is False\nE       assert True is False\n\n/home/arthur/projects/agente_autonomo/tests/agent/test_web_search.py:58: AssertionError\n----------------------------- Captured stdout call -----------------------------\nErro na busca DuckDuckGo: Connection failed\nErro na busca DuckDuckGo: Connection failed\n=========================== short test summary info ============================\nFAILED tests/agent/test_tool_executor.py::TestToolExecutor::test_web_search_error\nFAILED tests/agent/test_tool_executor.py::TestToolExecutor::test_web_search_no_results\nFAILED tests/agent/test_tool_executor.py::TestToolExecutor::test_web_search_success\nFAILED tests/agent/test_web_search.py::test_web_search_success - AssertionErr...\nFAILED tests/agent/test_web_search.py::test_web_search_no_results - assert 'N...\nFAILED tests/agent/test_web_search.py::test_web_search_api_error - assert Tru...\nFAILED tests/agent/test_web_search.py::test_web_search_connection_error - ass...\n======================== 7 failed, 169 passed in 1.33s =========================\n\nStderr:\n",
            "date": "2025-07-04T01:20:42.207685+00:00",
            "status": "failed"
        },
        {
            "objective": "**Next Strategic Objective:**  \n\"Refatorar as funções `apply_patches` (CC:65) em `agent/patch_applicator.py` e `run_cycles` (CC:89) em `agent/cycle_runner.py`, dividindo-as em subfunções especializadas para reduzir complexidade ciclomática. Criar testes unitários em `tests/agent/test_patch_applicator.py` e `tests/agent/test_cycle_runner.py` para validar a estabilidade das novas implementações, garantindo que a estratégia `CYCLOMATIC_COMPLEXITY_CHECK` seja efetivamente aplicada antes da execução de patches, evitando falhas futuras devido a mudanças complexas.\"  \n\n**Rationale:**  \n1. **RSI Priority:** Direciona para refatoração estrutural e validação de complexidade, alinhado ao roadmap de \"Gerenciamento de Estratégias Dinâmicas\" e \"Refatoração Orientada a Capacidades\".  \n2. **Performance Gap:** Resolve a falha crítica no `apply_patches` (CC:65) e `run_cycles` (CC:89), que contribuíram para falhas em testes e aplicação de patches.  \n3. **Test Coverage:** Preenche lacunas de testes para módulos essenciais (`patch_applicator.py`, `cycle_runner.py`) e integra a validação de complexidade como gate de qualidade.  \n4. **Avoiding Repeats:** Baseia-se na falha anterior de `apply_patches` e `run_cycles`, propondo uma solução estrutural e testada.  \n5. **Actionable:** Especifica refatoração de funções com alta complexidade, criação de testes unitários e integração da nova estratégia de validação.",
            "reason": "PYTEST_FAILURE_IN_SANDBOX",
            "details": "Pytest Command: pytest tests/ (CWD: /tmp/hephaestus_sandbox_coa3rn5t)\nExit Code: 2\n\nStdout:\n============================= test session starts ==============================\nplatform linux -- Python 3.11.9, pytest-8.4.1, pluggy-1.6.0\nrootdir: /tmp/hephaestus_sandbox_coa3rn5t\nconfigfile: pyproject.toml\nplugins: mock-3.14.1, anyio-4.9.0, hydra-core-1.3.2\ncollected 169 items / 2 errors\n\n==================================== ERRORS ====================================\n______________ ERROR collecting tests/agent/test_cycle_runner.py _______________\nImportError while importing test module '/tmp/hephaestus_sandbox_coa3rn5t/tests/agent/test_cycle_runner.py'.\nHint: make sure your test modules/packages have valid Python names.\nTraceback:\n/home/arthur/.pyenv/versions/3.11.9/lib/python3.11/importlib/__init__.py:126: in import_module\n    return _bootstrap._gcd_import(name[level:], package, level)\n           ^^^^^^^^^^^^^^^^^^^^^^^^^^^^^^^^^^^^^^^^^^^^^^^^^^^^\ntests/agent/test_cycle_runner.py:2: in <module>\n    from agent.cycle_runner import run_cycles, _initialize_cycle_state, _execute_evolution_step, _validate_cycle_results, _log_cycle_details\nE   ImportError: cannot import name '_initialize_cycle_state' from 'agent.cycle_runner' (/tmp/hephaestus_sandbox_coa3rn5t/agent/cycle_runner.py)\n____ ERROR collecting tests/agent/validation_steps/test_patch_applicator.py ____\nimport file mismatch:\nimported module 'test_patch_applicator' has this __file__ attribute:\n  /tmp/hephaestus_sandbox_coa3rn5t/tests/agent/test_patch_applicator.py\nwhich is not the same as the test file we want to collect:\n  /tmp/hephaestus_sandbox_coa3rn5t/tests/agent/validation_steps/test_patch_applicator.py\nHINT: remove __pycache__ / .pyc files and/or use a unique basename for your test file modules\n=========================== short test summary info ============================\nERROR tests/agent/test_cycle_runner.py\nERROR tests/agent/validation_steps/test_patch_applicator.py\n!!!!!!!!!!!!!!!!!!! Interrupted: 2 errors during collection !!!!!!!!!!!!!!!!!!!!\n============================== 2 errors in 0.65s ===============================\n\nStderr:\n",
            "date": "2025-07-04T02:16:31.937316+00:00",
            "status": "failed"
        },
        {
            "objective": "**Next Strategic Objective:**  \n\"Analisar os 7 falhas recentes da estratégia 'SYNTAX_AND_PYTEST' no `evolution_log.csv` para identificar padrões de erro em patches gerados pelo ArchitectAgent, como falhas de lógica de aplicação ou complexidade ciclomática não controlada. Refinar o prompt do ArchitectAgent em `prompt_builder.py` para incluir restrições de CC ≤ 30 e validação de impacto no código existente. Paralelamente, implementar e testar a estratégia `CYCLOMATIC_COMPLEXITY_CHECK` no `hephaestus_config.json`, adicionando testes unitários em `tests/agent/validation_steps/test_patch_applicator.py` para garantir que patches com CC > 30 sejam bloqueados antes da aplicação, corrigindo a falha recorrente no sandbox.\"  \n\n**Rationale:**  \n1. **RSI Alignment:** Direciona para otimização de prompts (prompt_builder.py) e estratégias dinâmicas (CYCLOMATIC_COMPLEXITY_CHECK), alinhado a \"Otimização de Prompts e Estratégias\" (Fase 1) e \"Gerenciamento de Estratégias Dinâmicas\" (Fase 2).  \n2. **Performance Gap:** Aborda a falha crítica de 25% na SYNTAX_AND_PYTEST, ligada a patches de alta complexidade (CC:65/89) que não foram validados adequadamente.  \n3. **Roadmap Advancement:** Implementa \"Refatoração Orientada a Capacidades\" (Fase 1) ao vincular a redução de CC a melhorias na geração de patches.  \n4. **Avoiding Repeats:** Evita repetir falhas anteriores ao integrar validação proativa de CC e melhorar a qualidade dos patches antes da execução.  \n5. **Actionable Specificity:** Define análise de logs, refinamento de prompt, implementação de estratégia no config e criação de testes para validação, com metas claras para reduzir falhas no sandbox.",
            "reason": "SYNTAX_VALIDATION_FAILED_IN_SANDBOX",
            "details": "agent/hephaestus_config.json: Extra data",
            "date": "2025-07-04T02:17:39.872698+00:00",
            "status": "failed"
        },
        {
            "objective": "**Next Strategic Objective:**  \n\"Utilizar o `PromptOptimizer` (agent/agents/prompt_optimizer.py) para analisar os prompts do `ArchitectAgent` e `MaestroAgent` utilizados na estratégia `SYNTAX_AND_PYTEST`, com base nos padrões de falha identificados no `evolution_log.csv`. Propor modificações específicas nos prompts para incluir restrições de validação de complexidade ciclomática (CC ≤ 30) e melhorar a lógica de geração de patches, garantindo que alterações críticas sejam bloqueadas antes da aplicação. Paralelamente, implementar uma estratégia `ADVANCED_LINTING` no `hephaestus_config.json` que integre verificações com `ruff` ou `flake8` como pré-requisito para patches, reduzindo falhas de sintaxe e aumentando a taxa de sucesso da estratégia.\"  \n\n**Rationale:**  \n1. **RSI Alignment:** Direciona para otimização de prompts (PromptOptimizer) e expansão de estratégias dinâmicas (ADVANCED_LINTING), alinhado a \"Otimização de Prompts e Estratégias\" (Fase 1) e \"Gerenciamento de Estratégias Dinâmicas\" (Fase 2).  \n2. **Performance Gap:** Aborda a falha persistente em `SYNTAX_AND_PYTEST` (75% de sucesso), vinculando-a a prompts inadequados e falta de validação proativa de CC.  \n3. **Roadmap Advancement:** Implementa \"Refatoração Orientada a Capacidades\" ao integrar validação de qualidade (linting) como pré-condição para patches, evitando falhas no sandbox.  \n4. **Avoiding Repeats:** Evita repetir falhas anteriores ao combinar análise de logs, otimização de prompts e novas camadas de validação (linting).  \n5. **Actionable Specificity:** Define ações claras (refinar prompts, criar estratégia `ADVANCED_LINTING`) com alvos técnicos (CC ≤ 30, integração de ferramentas de linting) e métricas de sucesso (aumento da taxa de sucesso em `SYNTAX_AND_PYTEST`).",
            "reason": "SYNTAX_VALIDATION_FAILED_IN_SANDBOX",
            "details": "agent/hephaestus_config.json: Extra data",
            "date": "2025-07-04T02:18:51.638503+00:00",
            "status": "failed"
        },
        {
            "objective": "**Next Strategic Objective:**  \n\"Utilizar o `PromptOptimizer` (agent/agents/prompt_optimizer.py) para analisar os prompts do `ArchitectAgent` e `MaestroAgent` utilizados na estratégia `SYNTAX_AND_PYTEST`, com base nas 7 falhas recentes no `evolution_log.csv`. Propor modificações específicas nos prompts para incluir restrições de complexidade ciclomática (CC ≤ 30) e validação de impacto no código existente, garantindo que patches gerados evitem funções com alta complexidade (como `apply_patches` e `run_cycles`). Paralelamente, implementar a estratégia `CYCLOMATIC_COMPLEXITY_CHECK` no `hephaestus_config.json` para bloquear patches com CC > 30 antes da aplicação, reduzindo falhas no `SYNTAX_AND_PYTEST` e alinhando-se à meta de 'Refatoração Orientada a Capacidades' (Fase 1 do roadmap).\"  \n\n**Rationale:**  \n1. **RSI Alignment:** Direciona para otimização de prompts (PromptOptimizer) e expansão de estratégias dinâmicas (CYCLOMATIC_COMPLEXITY_CHECK), alinhado a \"Otimização de Prompts e Estratégias\" (Fase 1) e \"Gerenciamento de Estratégias Dinâmicas\" (Fase 2).  \n2. **Performance Gap:** Resolve falhas persistentes em `SYNTAX_AND_PYTEST` (75% de sucesso) causadas por patches de alta complexidade (CC:65 em `apply_patches`, CC:92 em `run_cycles`).  \n3. **Roadmap Advancement:** Implementa \"Refatoração Orientada a Capacidades\" ao vincular restrições de CC à geração de patches, evitando falhas no sandbox.  \n4. **Avoiding Repeats:** Evita repetir falhas anteriores ao integrar validação proativa de CC e refinamento de prompts, com base em logs de falhas específicas.  \n5. **Actionable Specificity:** Define ações claras (análise de prompts, implementação de estratégia no config) com metas técnicas (CC ≤ 30) e métricas de sucesso (aumento da taxa de sucesso em `SYNTAX_AND_PYTEST`).",
            "reason": "SYNTAX_VALIDATION_FAILED_IN_SANDBOX",
            "details": "agent/hephaestus_config.json: Extra data",
            "date": "2025-07-04T02:19:51.136903+00:00",
            "status": "failed"
        },
        {
            "objective": "**Next Strategic Objective:**  \n\"Implementar a estratégia `COMPREHENSIVE_PRE_VALIDATION` no `hephaestus_config.json`, integrando verificações de complexidade ciclomática (CC ≤ 30) e linting com `ruff`/`flake8` como pré-requisitos para patches, bloqueando alterações que falham em qualquer etapa. Paralelamente, criar testes unitários para `agent/validation_steps/syntax_validator.py` e `agent/validation_steps/patch_applicator.py` para garantir que a validação compreensiva funcione corretamente, reduzindo falhas no `SYNTAX_AND_PYTEST` e alinhando-se à meta de 'Refatoração Orientada a Capacidades' (Fase 1) e 'Gerenciamento de Estratégias Dinâmicas' (Fase 2).\"\n\n**Rationale:**  \n1. **RSI Alignment:** Combina validação proativa de qualidade (CC e linting) com aprimoramento de estratégias dinâmicas, alinhando-se a Fase 1 (capacitação) e Fase 2 (gestão de estratégias).  \n2. **Performance Gap:** Direciona para resolver falhas recorrentes em `SYNTAX_AND_PYTEST` causadas por patches de alta complexidade ou sintaxe inválida, mesmo após refatoração.  \n3. **Roadmap Advancement:** Avança \"Refatoração Orientada a Capacidades\" ao vincular validação de qualidade a objetivos de evolução, e \"Gerenciamento de Estratégias Dinâmicas\" ao expandir as regras de validação no config.  \n4. **Avoiding Repeats:** Evita repetir falhas anteriores ao integrar múltiplas camadas de validação (CC + linting) e garantir testes para os módulos de validação.  \n5. **Actionable Specificity:** Define ações claras (criar estratégia no config, implementar verificações técnicas, criar testes para módulos críticos) com metas mensuráveis (bloquear patches inválidos, aumentar taxa de sucesso em `SYNTAX_AND_PYTEST`).",
            "reason": "SYNTAX_VALIDATION_FAILED_IN_SANDBOX",
            "details": "agent/hephaestus_config.json: Extra data",
            "date": "2025-07-04T02:21:03.317524+00:00",
            "status": "failed"
        },
        {
            "objective": "[CAPACITATION TASK] Implement a new function `validate_patch_with_linter(patch: str) -> bool` in `agent/validation_steps/linter_validator.py` using `ruff` or `flake8` to check syntax and style compliance, and integrate it into the `COMPREHENSIVE_PRE_VALIDATION` strategy in `hephaestus_config.json` to block patches failing linting or cyclomatic complexity checks (CC ≤ 30), ensuring test coverage in `tests/agent/test_linter_validator.py`.",
            "reason": "SYNTAX_VALIDATION_FAILED_IN_SANDBOX",
            "details": "hephaestus_config.json: Extra data",
            "date": "2025-07-04T02:25:25.779243+00:00",
            "status": "failed"
        },
        {
            "objective": "[CAPACITATION TASK] Implement the `COMPREHENSIVE_PRE_VALIDATION` strategy in `hephaestus_config.json` with strict rules to block patches exceeding cyclomatic complexity (CC ≤ 30) or failing ruff/flake8 linting checks, ensuring correct JSON syntax. Simultaneously, add unit tests in `tests/agent/test_validation_steps.py` to validate edge cases for CC thresholds and linting errors, and fix any syntax issues in the existing config file.",
            "reason": "SYNTAX_VALIDATION_FAILED_IN_SANDBOX",
            "details": "agent/hephaestus_config.json: Extra data",
            "date": "2025-07-04T02:27:45.887285+00:00",
            "status": "failed"
        },
        {
            "objective": "**Next Strategic Objective:**  \nImplementar uma estratégia de validação `CONFIG_SYNTAX_CHECK` no `hephaestus_config.json` que utilize a função `validate_json_syntax` do `agent/code_validator.py` para verificar a sintaxe do arquivo de configuração antes de aplicar alterações. Paralelamente, criar testes unitários em `tests/agent/test_config_loader.py` para validar a integridade da configuração carregada, com foco em casos de erro de sintaxe e estrutura inválida, evitando falhas como \"Extra data\" em futuras atualizações de estratégias.  \n\n**Rationale:**  \n1. **RSI Alignment:** Resolve falhas recorrentes em atualizações de configuração (ex: \"Extra data\") ao integrar validação proativa de sintaxe, alinhando-se à necessidade de \"Gerenciamento de Estratégias Dinâmicas\" (Fase 2 do Roadmap).  \n2. **Performance Gap:** Evita que falhas em estratégias como `COMPREHENSIVE_PRE_VALIDATION` se repitam devido a erros de sintaxe no config, melhorando a confiabilidade de novas implementações.  \n3. **Code Quality:** Aborda o módulo `config_loader.py` (sem testes) e `hephaestus_config.json` (ponto crítico de falhas), garantindo que alterações no config não introduzam erros estruturais.  \n4. **Actionable:** Especifica a criação de uma nova estratégia de validação no config e a implementação de testes para o `config_loader.py`, com metas claras para prevenir falhas.",
            "reason": "SYNTAX_VALIDATION_FAILED_IN_SANDBOX",
            "details": "agent/hephaestus_config.json: Extra data",
            "date": "2025-07-04T02:31:08.531140+00:00",
            "status": "failed"
        },
        {
            "objective": "\"Refatorar a função `generate_next_objective` em `agent/brain.py` (LOC: 162, CC: 43) dividindo-a em subfunções especializadas para análise de performance, geração de prompts e seleção de estratégias, reduzindo complexidade e aumentando a clareza. Paralelamente, criar testes unitários em `tests/agent/test_brain.py` para validar a lógica de geração de objetivos, e integrar uma verificação de estruturação válida do `hephaestus_config.json` na estratégia `COMPREHENSIVE_PRE_VALIDATION` para bloquear patches que introduzam inconsistências no formato do config, corrigindo a falha 'Extra data' recorrente.\"",
            "reason": "SYNTAX_VALIDATION_FAILED_IN_SANDBOX",
            "details": "agent/validation_steps/syntax_validator.py: Sorry: IndentationError: expected an indented block after function definition on line 14 (syntax_validator.py, line 15)",
            "date": "2025-07-04T02:32:04.664023+00:00",
            "status": "failed"
        },
        {
            "objective": "\"Refinar os prompts do `ArchitectAgent` e `MaestroAgent` utilizados na estratégia `CONFIG_UPDATE_STRATEGY`, adicionando validação rigorosa de estrutura JSON e lógica de integração com o `config_loader.py`. Paralelamente, criar testes unitários em `tests/agent/validation_steps/test_syntax_validator.py` e `tests/agent/test_config_loader.py` para corrigir a falha 'Extra data' e o `IndentationError` recorrentes, garantindo que alterações no `hephaestus_config.json` passem por validação de sintaxe e formatação antes da aplicação de patches.\"",
            "reason": "PYTEST_FAILURE_IN_SANDBOX",
            "details": "Pytest Command: pytest tests/ (CWD: /tmp/hephaestus_sandbox_q81_pxat)\nExit Code: 2\n\nStdout:\n============================= test session starts ==============================\nplatform linux -- Python 3.11.9, pytest-8.4.1, pluggy-1.6.0\nrootdir: /tmp/hephaestus_sandbox_q81_pxat\nconfigfile: pyproject.toml\nplugins: mock-3.14.1, anyio-4.9.0, hydra-core-1.3.2\ncollected 161 items / 5 errors\n\n==================================== ERRORS ====================================\n______________ ERROR collecting tests/agent/test_config_loader.py ______________\nImportError while importing test module '/tmp/hephaestus_sandbox_q81_pxat/tests/agent/test_config_loader.py'.\nHint: make sure your test modules/packages have valid Python names.\nTraceback:\n/home/arthur/.pyenv/versions/3.11.9/lib/python3.11/importlib/__init__.py:126: in import_module\n    return _bootstrap._gcd_import(name[level:], package, level)\n           ^^^^^^^^^^^^^^^^^^^^^^^^^^^^^^^^^^^^^^^^^^^^^^^^^^^^\ntests/agent/test_config_loader.py:4: in <module>\n    from agent.validation_steps.syntax_validator import ValidateJsonSyntax\nagent/validation_steps/__init__.py:6: in <module>\n    from .syntax_validator import SyntaxValidator\nagent/validation_steps/syntax_validator.py:3: in <module>\n    from jsonschema import validate, ValidationError\nE   ModuleNotFoundError: No module named 'jsonschema'\n______________ ERROR collecting tests/agent/test_cycle_runner.py _______________\nImportError while importing test module '/tmp/hephaestus_sandbox_q81_pxat/tests/agent/test_cycle_runner.py'.\nHint: make sure your test modules/packages have valid Python names.\nTraceback:\n/home/arthur/.pyenv/versions/3.11.9/lib/python3.11/importlib/__init__.py:126: in import_module\n    return _bootstrap._gcd_import(name[level:], package, level)\n           ^^^^^^^^^^^^^^^^^^^^^^^^^^^^^^^^^^^^^^^^^^^^^^^^^^^^\ntests/agent/test_cycle_runner.py:4: in <module>\n    from agent.hephaestus_agent import HephaestusAgent\nagent/hephaestus_agent.py:24: in <module>\n    from agent.validation_steps import get_validation_step\nagent/validation_steps/__init__.py:6: in <module>\n    from .syntax_validator import SyntaxValidator\nagent/validation_steps/syntax_validator.py:3: in <module>\n    from jsonschema import validate, ValidationError\nE   ModuleNotFoundError: No module named 'jsonschema'\n____ ERROR collecting tests/agent/validation_steps/test_patch_applicator.py ____\nimport file mismatch:\nimported module 'test_patch_applicator' has this __file__ attribute:\n  /tmp/hephaestus_sandbox_q81_pxat/tests/agent/test_patch_applicator.py\nwhich is not the same as the test file we want to collect:\n  /tmp/hephaestus_sandbox_q81_pxat/tests/agent/validation_steps/test_patch_applicator.py\nHINT: remove __pycache__ / .pyc files and/or use a unique basename for your test file modules\n_ ERROR collecting tests/agent/validation_steps/test_pytest_new_file_validator.py _\nImportError while importing test module '/tmp/hephaestus_sandbox_q81_pxat/tests/agent/validation_steps/test_pytest_new_file_validator.py'.\nHint: make sure your test modules/packages have valid Python names.\nTraceback:\n/home/arthur/.pyenv/versions/3.11.9/lib/python3.11/importlib/__init__.py:126: in import_module\n    return _bootstrap._gcd_import(name[level:], package, level)\n           ^^^^^^^^^^^^^^^^^^^^^^^^^^^^^^^^^^^^^^^^^^^^^^^^^^^^\n/home/arthur/projects/agente_autonomo/tests/agent/validation_steps/test_pytest_new_file_validator.py:7: in <module>\n    from agent.validation_steps.pytest_new_file_validator import PytestNewFileValidator\nagent/validation_steps/__init__.py:6: in <module>\n    from .syntax_validator import SyntaxValidator\nagent/validation_steps/syntax_validator.py:3: in <module>\n    from jsonschema import validate, ValidationError\nE   ModuleNotFoundError: No module named 'jsonschema'\n____ ERROR collecting tests/agent/validation_steps/test_syntax_validator.py ____\nImportError while importing test module '/tmp/hephaestus_sandbox_q81_pxat/tests/agent/validation_steps/test_syntax_validator.py'.\nHint: make sure your test modules/packages have valid Python names.\nTraceback:\n/home/arthur/.pyenv/versions/3.11.9/lib/python3.11/importlib/__init__.py:126: in import_module\n    return _bootstrap._gcd_import(name[level:], package, level)\n           ^^^^^^^^^^^^^^^^^^^^^^^^^^^^^^^^^^^^^^^^^^^^^^^^^^^^\ntests/agent/validation_steps/test_syntax_validator.py:2: in <module>\n    from agent.validation_steps.syntax_validator import ValidateJsonSyntax\nagent/validation_steps/__init__.py:6: in <module>\n    from .syntax_validator import SyntaxValidator\nagent/validation_steps/syntax_validator.py:3: in <module>\n    from jsonschema import validate, ValidationError\nE   ModuleNotFoundError: No module named 'jsonschema'\n=========================== short test summary info ============================\nERROR tests/agent/test_config_loader.py\nERROR tests/agent/test_cycle_runner.py\nERROR tests/agent/validation_steps/test_patch_applicator.py\nERROR tests/agent/validation_steps/test_pytest_new_file_validator.py\nERROR tests/agent/validation_steps/test_syntax_validator.py\n!!!!!!!!!!!!!!!!!!! Interrupted: 5 errors during collection !!!!!!!!!!!!!!!!!!!!\n============================== 5 errors in 0.74s ===============================\n\nStderr:\n",
            "date": "2025-07-04T02:33:07.649280+00:00",
            "status": "failed"
        },
        {
            "objective": "[CAPACITATION TASK] Enhance the `syntax_validator.py` module to include a dedicated function `validate_indentation(code: str) -> bool` that checks for proper Python indentation structure, and integrate it into the `COMPREHENSIVE_PRE_VALIDATION` workflow to prevent `IndentationError` failures during patch application.",
            "reason": "PYTEST_FAILURE_IN_SANDBOX",
            "details": "Pytest Command: pytest tests/ (CWD: /tmp/hephaestus_sandbox_assi068y)\nExit Code: 2\n\nStdout:\n============================= test session starts ==============================\nplatform linux -- Python 3.11.9, pytest-8.4.1, pluggy-1.6.0\nrootdir: /tmp/hephaestus_sandbox_assi068y\nconfigfile: pyproject.toml\nplugins: mock-3.14.1, anyio-4.9.0, hydra-core-1.3.2\ncollected 161 items / 5 errors\n\n==================================== ERRORS ====================================\n______________ ERROR collecting tests/agent/test_config_loader.py ______________\nImportError while importing test module '/tmp/hephaestus_sandbox_assi068y/tests/agent/test_config_loader.py'.\nHint: make sure your test modules/packages have valid Python names.\nTraceback:\n/home/arthur/.pyenv/versions/3.11.9/lib/python3.11/importlib/__init__.py:126: in import_module\n    return _bootstrap._gcd_import(name[level:], package, level)\n           ^^^^^^^^^^^^^^^^^^^^^^^^^^^^^^^^^^^^^^^^^^^^^^^^^^^^\ntests/agent/test_config_loader.py:4: in <module>\n    from agent.validation_steps.syntax_validator import ValidateJsonSyntax\nagent/validation_steps/__init__.py:8: in <module>\n    from .syntax_validator import SyntaxValidator\nagent/validation_steps/syntax_validator.py:3: in <module>\n    from jsonschema import validate, ValidationError\nE   ModuleNotFoundError: No module named 'jsonschema'\n______________ ERROR collecting tests/agent/test_cycle_runner.py _______________\nImportError while importing test module '/tmp/hephaestus_sandbox_assi068y/tests/agent/test_cycle_runner.py'.\nHint: make sure your test modules/packages have valid Python names.\nTraceback:\n/home/arthur/.pyenv/versions/3.11.9/lib/python3.11/importlib/__init__.py:126: in import_module\n    return _bootstrap._gcd_import(name[level:], package, level)\n           ^^^^^^^^^^^^^^^^^^^^^^^^^^^^^^^^^^^^^^^^^^^^^^^^^^^^\ntests/agent/test_cycle_runner.py:4: in <module>\n    from agent.hephaestus_agent import HephaestusAgent\nagent/hephaestus_agent.py:24: in <module>\n    from agent.validation_steps import get_validation_step\nagent/validation_steps/__init__.py:8: in <module>\n    from .syntax_validator import SyntaxValidator\nagent/validation_steps/syntax_validator.py:3: in <module>\n    from jsonschema import validate, ValidationError\nE   ModuleNotFoundError: No module named 'jsonschema'\n____ ERROR collecting tests/agent/validation_steps/test_patch_applicator.py ____\nimport file mismatch:\nimported module 'test_patch_applicator' has this __file__ attribute:\n  /tmp/hephaestus_sandbox_assi068y/tests/agent/test_patch_applicator.py\nwhich is not the same as the test file we want to collect:\n  /tmp/hephaestus_sandbox_assi068y/tests/agent/validation_steps/test_patch_applicator.py\nHINT: remove __pycache__ / .pyc files and/or use a unique basename for your test file modules\n_ ERROR collecting tests/agent/validation_steps/test_pytest_new_file_validator.py _\nImportError while importing test module '/tmp/hephaestus_sandbox_assi068y/tests/agent/validation_steps/test_pytest_new_file_validator.py'.\nHint: make sure your test modules/packages have valid Python names.\nTraceback:\n/home/arthur/.pyenv/versions/3.11.9/lib/python3.11/importlib/__init__.py:126: in import_module\n    return _bootstrap._gcd_import(name[level:], package, level)\n           ^^^^^^^^^^^^^^^^^^^^^^^^^^^^^^^^^^^^^^^^^^^^^^^^^^^^\n/home/arthur/projects/agente_autonomo/tests/agent/validation_steps/test_pytest_new_file_validator.py:7: in <module>\n    from agent.validation_steps.pytest_new_file_validator import PytestNewFileValidator\nagent/validation_steps/__init__.py:8: in <module>\n    from .syntax_validator import SyntaxValidator\nagent/validation_steps/syntax_validator.py:3: in <module>\n    from jsonschema import validate, ValidationError\nE   ModuleNotFoundError: No module named 'jsonschema'\n____ ERROR collecting tests/agent/validation_steps/test_syntax_validator.py ____\nImportError while importing test module '/tmp/hephaestus_sandbox_assi068y/tests/agent/validation_steps/test_syntax_validator.py'.\nHint: make sure your test modules/packages have valid Python names.\nTraceback:\n/home/arthur/.pyenv/versions/3.11.9/lib/python3.11/importlib/__init__.py:126: in import_module\n    return _bootstrap._gcd_import(name[level:], package, level)\n           ^^^^^^^^^^^^^^^^^^^^^^^^^^^^^^^^^^^^^^^^^^^^^^^^^^^^\ntests/agent/validation_steps/test_syntax_validator.py:2: in <module>\n    from agent.validation_steps.syntax_validator import ValidateJsonSyntax\nagent/validation_steps/__init__.py:8: in <module>\n    from .syntax_validator import SyntaxValidator\nagent/validation_steps/syntax_validator.py:3: in <module>\n    from jsonschema import validate, ValidationError\nE   ModuleNotFoundError: No module named 'jsonschema'\n=========================== short test summary info ============================\nERROR tests/agent/test_config_loader.py\nERROR tests/agent/test_cycle_runner.py\nERROR tests/agent/validation_steps/test_patch_applicator.py\nERROR tests/agent/validation_steps/test_pytest_new_file_validator.py\nERROR tests/agent/validation_steps/test_syntax_validator.py\n!!!!!!!!!!!!!!!!!!! Interrupted: 5 errors during collection !!!!!!!!!!!!!!!!!!!!\n============================== 5 errors in 0.65s ===============================\n\nStderr:\n",
            "date": "2025-07-04T02:34:58.618967+00:00",
            "status": "failed"
        },
        {
            "objective": "\"Refatorar as funções `generate_next_objective` (CC:43, LOC:162) em `agent/brain.py` e `update_project_manifest` (CC:45, LOC:188) em `agent/project_scanner.py`, dividindo-as em subfunções especializadas para reduzir complexidade e melhorar a coesão. Paralelamente, criar testes unitários em `tests/agent/test_brain.py` e `tests/agent/test_project_scanner.py` para validar a lógica de geração de objetivos e atualização do manifesto, e integrar uma estratégia `CYCLOMATIC_COMPLEXITY_CHECK` no `hephaestus_config.json` para bloquear patches com CC > 30 antes da aplicação, alinhando-se à fase 'Refatoração Orientada a Capacidades' do roadmap e prevenindo falhas recorrentes em validação de sintaxe e testes.\"",
            "reason": "SYNTAX_VALIDATION_FAILED_IN_SANDBOX",
            "details": "hephaestus_config.json: Extra data",
            "date": "2025-07-04T02:35:37.750221+00:00",
            "status": "failed"
        },
        {
            "objective": "**Next Strategic Objective:**  \n\"Create comprehensive unit tests for the `syntax_validator.py` module in `tests/agent/validation_steps/test_syntax_validator.py`, focusing on functions like `validate_config_structure` and `validate_indentation`. Integrate these tests into the `COMPREHENSIVE_PRE_VALIDATION` workflow to ensure syntax checks for both Python and JSON files are robust, reducing failures in `SYNTAX_AND_PYTEST` and improving the success rate of `CAPACITATION_REQUIRED` by validating self-improvement logic before application.\"  \n\n**Rationale:**  \n1. **RSI Alignment:** Addresses gaps in validation reliability (Phase 1: \"Meta-Cognição e Análise de Performance\") by ensuring syntax checks are rigorously tested.  \n2. **Performance Gap:** Directly targets syntax validation failures (e.g., `SYNTAX_VALIDATION_FAILED_IN_SANDBOX`) that hinder capacity-related updates.  \n3. **Code Quality:** Ensures critical validation logic is tested, preventing regressions in config and code structure checks.  \n4. **Test Coverage:** Fills the missing test file for `syntax_validator.py`, a key module in the validation pipeline.  \n5. **Actionable Specificity:** Specifies test creation for `validate_config_structure` and `validate_indentation`, with integration into pre-validation steps to avoid repeating syntax errors.",
            "reason": "PYTEST_FAILED",
            "details": "Pytest failed for tests/agent/validation_steps/test_syntax_validator.py (exit code 2).\nSTDOUT:\n============================= test session starts ==============================\nplatform linux -- Python 3.11.9, pytest-8.4.1, pluggy-1.6.0\nrootdir: /tmp/hephaestus_sandbox_welx9tvl\nconfigfile: pyproject.toml\nplugins: mock-3.14.1, anyio-4.9.0, hydra-core-1.3.2\ncollected 0 items / 1 error\n\n==================================== ERRORS ====================================\n____ ERROR collecting tests/agent/validation_steps/test_syntax_validator.py ____\nImportError while importing test module '/tmp/hephaestus_sandbox_welx9tvl/tests/agent/validation_steps/test_syntax_validator.py'.\nHint: make sure your test modules/packages have valid Python names.\nTraceback:\n/home/arthur/.pyenv/versions/3.11.9/lib/python3.11/importlib/__init__.py:126: in import_module\n    return _bootstrap._gcd_import(name[level:], package, level)\n           ^^^^^^^^^^^^^^^^^^^^^^^^^^^^^^^^^^^^^^^^^^^^^^^^^^^^\ntests/agent/validation_steps/test_syntax_validator.py:2: in <module>\n    from agent.validation_steps.syntax_validator import ValidateJsonSyntax\nagent/validation_steps/__init__.py:8: in <module>\n    from .syntax_validator import SyntaxValidator\nagent/validation_steps/syntax_validator.py:3: in <module>\n    from jsonschema import validate, ValidationError\nE   ModuleNotFoundError: No module named 'jsonschema'\n=========================== short test summary info ============================\nERROR tests/agent/validation_steps/test_syntax_validator.py\n!!!!!!!!!!!!!!!!!!!! Interrupted: 1 error during collection !!!!!!!!!!!!!!!!!!!!\n=============================== 1 error in 0.59s ===============================\nSTDERR:\n",
            "date": "2025-07-04T02:36:35.670808+00:00",
            "status": "failed"
        },
        {
            "objective": "\"Refatorar a função `generate_next_objective()` em `agent/brain.py` (LOC: 162, CC: 43), dividindo-a em subfunções especializadas para reduzir complexidade e melhorar a coesão, com foco em modularizar a lógica de análise de performance e geração de objetivos de capacitação. Paralelamente, criar testes unitários em `tests/agent/test_brain.py` para validar a estabilidade da refatoração e integrar uma estratégia `CAPACITATION_VALIDATION_CHECK` no `hephaestus_config.json` para garantir que objetivos de capacitação sejam alinhados a melhorias estruturais e não apenas a métricas de código, prevenindo falhas recorrentes na fase 'Refatoração Orientada a Capacidades' do roadmap.\"",
            "reason": "JSON_SYNTAX_VALIDATION_FAILED",
            "details": "hephaestus_config.json: Extra data",
            "date": "2025-07-04T02:39:10.618444+00:00",
            "status": "failed"
        },
        {
            "objective": "[CONFIGURATION FIX] The CAPACITATION_VALIDATION_CHECK strategy addition to hephaestus_config.json failed due to JSON syntax validation errors (Extra data). Correct the configuration file by ensuring proper JSON structure when integrating the new validation strategy under \"validation_strategies\". The original patch attempt included:\n\"validation_strategies\": {\n    \"main\": \"pytest_validation\",\n    \"CAPACITATION_VALIDATION_CHECK\": {\n        \"type\": \"structural_alignment\",\n        \"priority\": 2,\n        \"criteria\": [\n            \"code_modularity\",\n            \"design_patterns\",\n            \"system_architecture_evolution\"\n        ]\n    }\n},\nVerify that this block is correctly formatted without trailing commas or missing brackets.",
            "reason": "JSON_SYNTAX_VALIDATION_FAILED",
            "details": "agent/hephaestus_config.json: Extra data",
            "date": "2025-07-04T02:40:27.101498+00:00",
            "status": "failed"
        },
        {
            "objective": "\"Corrigir os erros de sintaxe JSON no `hephaestus_config.json` causados por formatação incorreta ao adicionar novas estratégias de validação, validando estruturalmente a integridade do arquivo antes da aplicação de patches. Paralelamente, criar testes unitários em `tests/agent/test_config_loader.py` e `tests/agent/validation_steps/test_syntax_validator.py` para garantir que alterações no config sejam validadas com rigor, e integrar uma verificação de sintaxe JSON no fluxo de `COMPREHENSIVE_PRE_VALIDATION` para evitar falhas recorrentes em estratégias como `CAPACITATION_REQUIRED` e `CONFIG_SYNTAX_CHECK`.\"",
            "reason": "SYNTAX_VALIDATION_FAILED_IN_SANDBOX",
            "details": "agent/hephaestus_config.json: Extra data",
            "date": "2025-07-04T03:00:55.574266+00:00",
            "status": "failed"
        },
        {
            "objective": "\"Implementar uma validação de esquema JSON no `hephaestus_config.json` via nova estratégia `JSON_SCHEMA_VALIDATION` no `hephaestus_config.json`, integrada ao fluxo `COMPREHENSIVE_PRE_VALIDATION` antes de aplicar patches. Paralelamente, criar testes unitários em `tests/agent/test_config_loader.py` e `tests/agent/utils/test_json_parser.py` para garantir que alterações no config passem por validação estrutural rigorosa, evitando falhas recorrentes em estratégias como `CONFIG_SYNTAX_CHECK` e `CONFIG_UPDATE_STRATEGY`.\"  \n\n**Rationale:**  \n1. **RSI Alignment:** Direciona para aprimorar a validação de configurações (estratégia dinâmica) e garantir que patches não introduzam erros estruturais, alinhado a \"Gerenciamento de Estratégias Dinâmicas\" (Fase 1) e \"Auto-Aprimoramento de Ferramentas\" (Fase 2).  \n2. **Performance Gap:** Resolve falhas críticas em `CONFIG_SYNTAX_CHECK` (0% de sucesso) e `CONFIG_UPDATE_STRATEGY` (57% de sucesso), causadas por erros de sintaxe/estrutura no config.  \n3. **Code Quality:** Aborda a falta de validação estrutural no `config_loader.py` e `json_parser.py`, módulos com alta complexidade e ausência de testes, reduzindo riscos de falhas no sandbox.  \n4. **Test Coverage:** Preenche lacunas de testes para módulos críticos (`config_loader.py`, `json_parser.py`) e adiciona validação proativa de esquema JSON.  \n5. **Actionable Specificity:** Define ações claras (validação de esquema, criação de testes, integração na pre-validação) com foco em evitar repetição de falhas anteriores.\n\n[CODE REVIEW FEEDBACK]\nPlease address the following issues in your new plan:\n1. Inline imports in `validate_config_structure` should be moved to the top of the module for PEP8 compliance. 2. The JSON schema in `syntax_validator.py` lacks validation for required fields within step objects (e.g., ensuring 'name' and 'enabled' are present in each step). 3. Tests do not verify logging behavior (e.g., checking if logger.error is called with expected messages on validation failure). 4. The `test_json_schema_validation` test case should explicitly validate that the loaded config matches the schema, not just return True. 5. The `parse_json_response` test in `test_json_parser.py` does not assert the logger is used correctly during parsing failures.",
            "reason": "NO_NEW_TEST_FILE_PATCH",
            "details": "No patch found for creating a new test file.",
            "date": "2025-07-04T03:04:40.418293+00:00",
            "status": "failed"
        }
    ],
    "acquired_capabilities": [],
    "recent_objectives_log": [
        {
            "objective": "\"Refatorar a função `generate_next_objective()` em `agent/brain.py` (LOC: 162, CC: 43), dividindo-a em subfunções especializadas para reduzir complexidade e melhorar a coesão, com foco em modularizar a lógica de análise de performance e geração de objetivos de capacitação. Paralelamente, criar testes unitários em `tests/agent/test_brain.py` para validar a estabilidade da refatoração e integrar uma estratégia `CAPACITATION_VALIDATION_CHECK` no `hephaestus_config.json` para garantir que objetivos de capacitação sejam alinhados a melhorias estruturais e não apenas a métricas de código, prevenindo falhas recorrentes na fase 'Refatoração Orientada a Capacidades' do roadmap.\"",
            "status": "failure",
            "date": "2025-07-04T02:39:10.618463+00:00"
        },
        {
            "objective": "[CONFIGURATION FIX] The CAPACITATION_VALIDATION_CHECK strategy addition to hephaestus_config.json failed due to JSON syntax validation errors (Extra data). Correct the configuration file by ensuring proper JSON structure when integrating the new validation strategy under \"validation_strategies\". The original patch attempt included:\n\"validation_strategies\": {\n    \"main\": \"pytest_validation\",\n    \"CAPACITATION_VALIDATION_CHECK\": {\n        \"type\": \"structural_alignment\",\n        \"priority\": 2,\n        \"criteria\": [\n            \"code_modularity\",\n            \"design_patterns\",\n            \"system_architecture_evolution\"\n        ]\n    }\n},\nVerify that this block is correctly formatted without trailing commas or missing brackets.",
            "status": "failure",
            "date": "2025-07-04T02:40:27.101513+00:00"
        },
        {
            "objective": "\"Corrigir os erros de sintaxe JSON no `hephaestus_config.json` causados por formatação incorreta ao adicionar novas estratégias de validação, validando estruturalmente a integridade do arquivo antes da aplicação de patches. Paralelamente, criar testes unitários em `tests/agent/test_config_loader.py` e `tests/agent/validation_steps/test_syntax_validator.py` para garantir que alterações no config sejam validadas com rigor, e integrar uma verificação de sintaxe JSON no fluxo de `COMPREHENSIVE_PRE_VALIDATION` para evitar falhas recorrentes em estratégias como `CAPACITATION_REQUIRED` e `CONFIG_SYNTAX_CHECK`.\"",
            "status": "failure",
            "reason": "SYNTAX_VALIDATION_FAILED_IN_SANDBOX",
            "date": "2025-07-04T03:00:55.574287+00:00"
        },
        {
            "objective": "**Next Strategic Objective:**  \n\"Implementar uma validação estrutural robusta para o `hephaestus_config.json` antes de qualquer atualização, corrigindo falhas na estratégia `CONFIG_SYNTAX_CHECK` (0% de sucesso). Criar testes unitários em `tests/agent/validation_steps/test_syntax_validator.py` e `tests/agent/config_loader.py` para garantir que alterações no config respeitem o esquema definido, e integrar uma verificação de estrutura JSON no fluxo de `COMPREHENSIVE_PRE_VALIDATION` para bloquear patches inválidos, com foco em evitar erros de 'Extra data' e garantir conformidade com o manifesto de capacidades.\"  \n\n**Rationale:**  \n1. **RSI Alignment:** Direciona para otimização de estratégias de validação (`CONFIG_SYNTAX_CHECK`) e melhoria de testes, alinhado a \"Estratégias de Validação Dinâmicas\" (Fase 2).  \n2. **Performance Gap:** Resolve falhas críticas em `CONFIG_SYNTAX_CHECK` e previne erros recorrentes em `CONFIG_UPDATE_STRATEGY` causados por formatação incorreta.  \n3. **Code Quality:** Aborda a falta de validação estrutural no `config_loader.py` e `syntax_validator.py`, módulos essenciais para integridade do config.  \n4. **Test Coverage:** Preenche lacunas de testes para validação de estrutura JSON e carregamento de config, garantindo detecção proativa de erros.  \n5. **Actionable Specificity:** Define ações claras (validação estrutural, criação de testes, integração no fluxo de pre-validação) com foco em corrigir a causa raiz das falhas recentes.\n\n[CODE REVIEW FEEDBACK]\nPlease address the following issues in your new plan:\n1. The schema in `validate_config_structure` does not restrict additional properties (e.g., extra fields in `agent` or `validation`), allowing invalid configurations. Add `additionalProperties: False` to relevant schema sections.\n2. `test_valid_config_structure` incorrectly expects a ValueError for a valid configuration. Remove the first `pytest.raises` block and ensure the test passes without exceptions.\n3. `test_invalid_config_structure` fails to validate unauthorized top-level fields (e.g., `unauthorized_field`) because the schema does not enforce strict structure at the root level. Add `additionalProperties: False` to the top-level schema.\n4. In `config_loader.py`, the import path `from agent.validation_steps.syntax.syntax` is incorrect. It should be `from agent.validation_steps.syntax_validator`.\n5. `test_load_config_invalid_structure` does not pass the `invalid_config` to `load_config`, making the test invalid. Fix the test to use the provided invalid configuration.",
            "status": "success",
            "reason": null,
            "date": "2025-07-04T03:03:15.779580+00:00"
        },
        {
            "objective": "\"Implementar uma validação de esquema JSON no `hephaestus_config.json` via nova estratégia `JSON_SCHEMA_VALIDATION` no `hephaestus_config.json`, integrada ao fluxo `COMPREHENSIVE_PRE_VALIDATION` antes de aplicar patches. Paralelamente, criar testes unitários em `tests/agent/test_config_loader.py` e `tests/agent/utils/test_json_parser.py` para garantir que alterações no config passem por validação estrutural rigorosa, evitando falhas recorrentes em estratégias como `CONFIG_SYNTAX_CHECK` e `CONFIG_UPDATE_STRATEGY`.\"  \n\n**Rationale:**  \n1. **RSI Alignment:** Direciona para aprimorar a validação de configurações (estratégia dinâmica) e garantir que patches não introduzam erros estruturais, alinhado a \"Gerenciamento de Estratégias Dinâmicas\" (Fase 1) e \"Auto-Aprimoramento de Ferramentas\" (Fase 2).  \n2. **Performance Gap:** Resolve falhas críticas em `CONFIG_SYNTAX_CHECK` (0% de sucesso) e `CONFIG_UPDATE_STRATEGY` (57% de sucesso), causadas por erros de sintaxe/estrutura no config.  \n3. **Code Quality:** Aborda a falta de validação estrutural no `config_loader.py` e `json_parser.py`, módulos com alta complexidade e ausência de testes, reduzindo riscos de falhas no sandbox.  \n4. **Test Coverage:** Preenche lacunas de testes para módulos críticos (`config_loader.py`, `json_parser.py`) e adiciona validação proativa de esquema JSON.  \n5. **Actionable Specificity:** Define ações claras (validação de esquema, criação de testes, integração na pre-validação) com foco em evitar repetição de falhas anteriores.\n\n[CODE REVIEW FEEDBACK]\nPlease address the following issues in your new plan:\n1. Inline imports in `validate_config_structure` should be moved to the top of the module for PEP8 compliance. 2. The JSON schema in `syntax_validator.py` lacks validation for required fields within step objects (e.g., ensuring 'name' and 'enabled' are present in each step). 3. Tests do not verify logging behavior (e.g., checking if logger.error is called with expected messages on validation failure). 4. The `test_json_schema_validation` test case should explicitly validate that the loaded config matches the schema, not just return True. 5. The `parse_json_response` test in `test_json_parser.py` does not assert the logger is used correctly during parsing failures.",
            "status": "failure",
            "reason": "NO_NEW_TEST_FILE_PATCH",
            "date": "2025-07-04T03:04:40.418307+00:00"
        }
    ],
    "semantic_patterns": {},
    "learned_heuristics": {},
    "semantic_clusters": {}
}