{
    "completed_objectives": [
        {
            "objective": "\"Create a characterization test suite for `agent/cycle_runner.py` focusing on the `run_cycles` function (CC:89) that uses `unittest.mock` to isolate external dependencies (AgentState, QueueManager), starting with verifying initialization sequence and core loop invariants. Implement the tests in a new file `tests/agent/test_cycle_runner.py` using a stepwise approach: first mock AgentState constructor calls, then validate cycle count tracking, before attempting full execution flow. This establishes a safety net for future refactoring of this mission-critical component.\"",
            "strategy_used": "CREATE_NEW_TEST_FILE_STRATEGY",
            "details": "Strategy 'CREATE_NEW_TEST_FILE_STRATEGY' completed. Status: STRATEGY_COMPLETED_NO_EXPLICIT_FAILURE.",
            "date": "2025-07-04T00:07:00.915405+00:00",
            "status": "completed"
        },
        {
            "objective": "\"Refatorar a fun√ß√£o `run_cycles` em `agent/cycle_runner.py` (CC:89, LOC:460) dividindo-a em componentes menores e test√°veis, come√ßando pela extra√ß√£o da l√≥gica de inicializa√ß√£o do ciclo para `_initialize_cycle_state()`, da l√≥gica de execu√ß√£o principal para `_execute_cycle_core()`, e do tratamento de erros para `_handle_cycle_errors()`. Implementar testes de integra√ß√£o em `tests/agent/test_cycle_runner.py` que validem o fluxo entre os novos componentes usando mocks hier√°rquicos, garantindo cobertura dos caminhos cr√≠ticos identificados nas falhas anteriores de pytest.\"",
            "strategy_used": "SYNTAX_AND_PYTEST",
            "details": "Strategy 'SYNTAX_AND_PYTEST' completed. Status: STRATEGY_COMPLETED_NO_EXPLICIT_FAILURE.",
            "date": "2025-07-04T00:10:45.358334+00:00",
            "status": "completed"
        },
        {
            "objective": "Analisar o estado atual do projeto e propor uma melhoria incremental",
            "strategy_used": "CREATE_NEW_TEST_FILE_STRATEGY",
            "details": "Strategy 'CREATE_NEW_TEST_FILE_STRATEGY' completed. Status: STRATEGY_COMPLETED_NO_EXPLICIT_FAILURE.",
            "date": "2025-07-04T00:11:56.975075+00:00",
            "status": "completed"
        },
        {
            "objective": "Based on a comprehensive analysis of the performance metrics, code complexity, strategic roadmap, and recent project history, the most impactful next objective is:\n\n**\"Analisar as falhas recorrentes da estrat√©gia 'SYNTAX_AND_PYTEST' (taxa de sucesso 85.71%) no evolution_log.csv para identificar padr√µes de erro comuns. Propor modifica√ß√µes espec√≠ficas nos prompts do ArchitectAgent ou MaestroAgent para melhorar a qualidade dos patches gerados, ou criar uma nova estrat√©gia de valida√ß√£o no hephaestus_config.json que inclua verifica√ß√£o de complexidade ciclom√°tica antes da aplica√ß√£o de altera√ß√µes.\"**\n\n### Rationale:\n1. **RSI Priority Alignment:** Directly addresses the low success rate (85.71%) of the most frequently used strategy (SYNTAX_AND_PYTEST), fulfilling the RSI focus on prompt/strategy optimization from the roadmap.\n2. **Performance Gap:** Targets the primary failure vector (14.29% failure rate) impacting overall agent effectiveness.\n3. **Roadmap Advancement:** Implements \"Otimiza√ß√£o de Prompts e Estrat√©gias\" from CAPABILITIES.md and \"Gerenciamento de Estrat√©gias Din√¢micas\" from Phase 2 of the roadmap.\n4. **Failure Pattern Prevention:** Avoids repeating recent test failures in cycle_runner.py by addressing root causes in patch generation quality.\n5. **Structural Impact:** Potential to reduce future refactoring needs by preventing high-complexity changes (like apply_patches CC:65 and run_cycles CC:89).\n6. **Actionable Specificity:** Clearly defines analysis targets (error logs), modification targets (agent prompts/config), and quality gates (cyclomatic checks).",
            "strategy_used": "SYNTAX_AND_PYTEST",
            "details": "Strategy 'SYNTAX_AND_PYTEST' completed. Status: STRATEGY_COMPLETED_NO_EXPLICIT_FAILURE.",
            "date": "2025-07-04T00:19:26.597358+00:00",
            "status": "completed"
        },
        {
            "objective": "**Next Strategic Objective:**  \n\"Refatorar as fun√ß√µes `apply_patches` (CC:65) em `agent/patch_applicator.py` e `run_cycles` (CC:92) em `agent/cycle_runner.py`, dividindo-as em subfun√ß√µes menores e mais coesas para reduzir complexidade. Paralelamente, criar testes unit√°rios em `tests/agent/test_patch_applicator.py` e `tests/agent/test_cycle_runner.py` para validar a estabilidade das altera√ß√µes, e integrar a estrat√©gia `CYCLOMATIC_COMPLEXITY_CHECK` no `hephaestus_config.json` para bloquear patches com CC > 30 antes da aplica√ß√£o, reduzindo falhas no `SYNTAX_AND_PYTEST`.\"  \n\n**Rationale:**  \n1. **RSI Alignment:** Direciona para refatora√ß√£o estrutural (redu√ß√£o de CC) e otimiza√ß√£o de estrat√©gias de valida√ß√£o, alinhado a \"Refatora√ß√£o Orientada a Capacidades\" (Fase 1) e \"Gerenciamento de Estrat√©gias Din√¢micas\" (Fase 2).  \n2. **Performance Gap:** Resolve falhas recorrentes no `SYNTAX_AND_PYTEST` causadas por patches de alta complexidade (CC:65 em `apply_patches`, CC:89 em `run_cycles` no hist√≥rico recente).  \n3. **Code Quality:** Aborda fun√ß√µes com CC extremamente elevada, prevenindo futuros erros e facilitando testes.  \n4. **Test Coverage:** Preenche lacunas de testes para m√≥dulos cr√≠ticos (`patch_applicator.py`, `cycle_runner.py`) e implementa valida√ß√£o proativa de complexidade.  \n5. **Actionable:** Especifica refatora√ß√£o de fun√ß√µes, cria√ß√£o de testes e integra√ß√£o de uma nova estrat√©gia no config, com alvo claro de melhorar a taxa de sucesso do `SYNTAX_AND_PYTEST`.",
            "strategy_used": "CONFIG_UPDATE_STRATEGY",
            "details": "Applied. Sanity (check_file_existence): OK. Details: Nenhum arquivo aplicado para verificar na sanidade.",
            "date": "2025-07-04T02:15:02.850220+00:00",
            "status": "completed"
        },
        {
            "objective": "**Next Strategic Objective:**  \n\"Refinar os prompts do `ArchitectAgent` e `MaestroAgent` utilizados para modificar o `hephaestus_config.json`, adicionando restri√ß√µes de valida√ß√£o de sintaxe JSON e l√≥gica de estrutura√ß√£o de configura√ß√µes. Paralelamente, criar testes unit√°rios em `tests/agent/test_config_loader.py` e `tests/agent/validation_steps/test_syntax_validator.py` para garantir que altera√ß√µes no config n√£o introduzam erros de sintaxe ou formata√ß√£o, e integrar uma verifica√ß√£o de validade JSON no fluxo de `COMPREHENSIVE_PRE_VALIDATION` antes da aplica√ß√£o de patches.\"  \n\n**Rationale:**  \n1. **RSI Alignment:** Direciona para otimiza√ß√£o de prompts e estrat√©gias de valida√ß√£o, alinhado a \"Otimiza√ß√£o de Prompts e Estrat√©gias\" (Fase 1) e \"Gerenciamento de Estrat√©gias Din√¢micas\" (Fase 2).  \n2. **Performance Gap:** Resolve falhas recorrentes em estrat√©gias de configura√ß√£o (ex: `CONFIG_UPDATE_STRATEGY` com 61.11% de sucesso) causadas por erros de sintaxe em `hephaestus_config.json`.  \n3. **Code Quality:** Aborda a falta de valida√ß√£o rigorosa em atualiza√ß√µes de config, prevenindo falhas no sandbox e melhorando a estabilidade do agente.  \n4. **Test Coverage:** Preenche lacunas de testes para m√≥dulos cr√≠ticos (`config_loader.py`, `syntax_validator.py`) e garante valida√ß√£o proativa de altera√ß√µes no config.  \n5. **Actionable Specificity:** Define a√ß√µes claras (refinamento de prompts, cria√ß√£o de testes, integra√ß√£o de valida√ß√£o JSON) com foco em evitar repeti√ß√£o de falhas anteriores.",
            "strategy_used": "CONFIG_UPDATE_STRATEGY",
            "details": "Applied. Sanity (check_file_existence): OK. Details: Nenhum arquivo aplicado para verificar na sanidade.",
            "date": "2025-07-04T02:30:15.292200+00:00",
            "status": "completed"
        },
        {
            "objective": "**Next Strategic Objective:**  \n\"Implementar uma valida√ß√£o estrutural robusta para o `hephaestus_config.json` antes de qualquer atualiza√ß√£o, corrigindo falhas na estrat√©gia `CONFIG_SYNTAX_CHECK` (0% de sucesso). Criar testes unit√°rios em `tests/agent/validation_steps/test_syntax_validator.py` e `tests/agent/config_loader.py` para garantir que altera√ß√µes no config respeitem o esquema definido, e integrar uma verifica√ß√£o de estrutura JSON no fluxo de `COMPREHENSIVE_PRE_VALIDATION` para bloquear patches inv√°lidos, com foco em evitar erros de 'Extra data' e garantir conformidade com o manifesto de capacidades.\"  \n\n**Rationale:**  \n1. **RSI Alignment:** Direciona para otimiza√ß√£o de estrat√©gias de valida√ß√£o (`CONFIG_SYNTAX_CHECK`) e melhoria de testes, alinhado a \"Estrat√©gias de Valida√ß√£o Din√¢micas\" (Fase 2).  \n2. **Performance Gap:** Resolve falhas cr√≠ticas em `CONFIG_SYNTAX_CHECK` e previne erros recorrentes em `CONFIG_UPDATE_STRATEGY` causados por formata√ß√£o incorreta.  \n3. **Code Quality:** Aborda a falta de valida√ß√£o estrutural no `config_loader.py` e `syntax_validator.py`, m√≥dulos essenciais para integridade do config.  \n4. **Test Coverage:** Preenche lacunas de testes para valida√ß√£o de estrutura JSON e carregamento de config, garantindo detec√ß√£o proativa de erros.  \n5. **Actionable Specificity:** Define a√ß√µes claras (valida√ß√£o estrutural, cria√ß√£o de testes, integra√ß√£o no fluxo de pre-valida√ß√£o) com foco em corrigir a causa raiz das falhas recentes.\n\n[CODE REVIEW FEEDBACK]\nPlease address the following issues in your new plan:\n1. The schema in `validate_config_structure` does not restrict additional properties (e.g., extra fields in `agent` or `validation`), allowing invalid configurations. Add `additionalProperties: False` to relevant schema sections.\n2. `test_valid_config_structure` incorrectly expects a ValueError for a valid configuration. Remove the first `pytest.raises` block and ensure the test passes without exceptions.\n3. `test_invalid_config_structure` fails to validate unauthorized top-level fields (e.g., `unauthorized_field`) because the schema does not enforce strict structure at the root level. Add `additionalProperties: False` to the top-level schema.\n4. In `config_loader.py`, the import path `from agent.validation_steps.syntax.syntax` is incorrect. It should be `from agent.validation_steps.syntax_validator`.\n5. `test_load_config_invalid_structure` does not pass the `invalid_config` to `load_config`, making the test invalid. Fix the test to use the provided invalid configuration.",
            "strategy_used": "SYNTAX_ONLY",
            "details": "Applied. Sanity (skip_sanity_check): OK. Details: Verifica√ß√£o de sanidade pulada conforme configura√ß√£o.",
            "date": "2025-07-04T03:03:15.779563+00:00",
            "status": "completed"
        }
    ],
    "failed_objectives": [
        {
            "objective": "\"Refatorar a fun√ß√£o `generate_next_objective` em `agent/brain.py` (CC:43, LOC:162) dividindo-a em componentes especializados: criar `_analyze_performance_for_objectives()` para l√≥gica de an√°lise de m√©tricas, `_build_capability_gap_analysis()` para alinhamento com roadmap, e `_compile_strategic_objective()` para s√≠ntese final. Implementar testes de integra√ß√£o em `tests/agent/test_brain.py` validando a gera√ß√£o de objetivos baseada em diferentes cen√°rios de performance e gaps de capacidades, com mock de `evolution_log.csv` e `CAPABILITIES.md`.\"",
            "reason": "MAESTRO_PHASE_FAILED",
            "details": "MaestroAgent could not decide on a strategy.",
            "date": "2025-07-04T00:16:23.581412+00:00",
            "status": "failed"
        },
        {
            "objective": "[CAPACITATION TASK] Refatorar a fun√ß√£o `apply_patches` em `agent/brain.py` (CC:43) dividindo-a em subfun√ß√µes especializadas `_split_patches_by_type()` e `_apply_patch_with_validation()`, adicionar testes unit√°rios em `tests/agent/test_brain.py` para validar a estabilidade, e criar uma nova estrat√©gia de valida√ß√£o `CYCLOMATIC_COMPLEXITY_CHECK` em `hephaestus_config.json` que bloqueie altera√ß√µes com complexidade ciclom√°tica acima de 30 antes da aplica√ß√£o.",
            "reason": "PYTEST_FAILURE",
            "details": "Pytest Command: pytest tests/ (CWD: .)\nExit Code: 1\n\nStdout:\n============================= test session starts ==============================\nplatform linux -- Python 3.11.9, pytest-8.4.1, pluggy-1.6.0\nrootdir: /home/arthur/projects/agente_autonomo\nconfigfile: pyproject.toml\nplugins: mock-3.14.1, anyio-4.9.0, hydra-core-1.3.2\ncollected 176 items\n\ntests/agent/test_brain.py ......                                         [  3%]\ntests/agent/test_error_analyzer.py .......                               [  7%]\ntests/agent/test_patch_applicator.py ...........                         [ 13%]\ntests/agent/test_performance_analyzer.py ...                             [ 15%]\ntests/agent/test_prompt_builder.py .......                               [ 19%]\ntests/agent/test_tool_executor.py FFF                                    [ 21%]\ntests/agent/test_web_search.py FFFF                                      [ 23%]\ntests/agent/utils/test_llm_client.py ........                            [ 27%]\ntests/agent/validation_steps/test_pytest_new_file_validator.py ......... [ 32%]\n                                                                         [ 32%]\ntests/test_agents.py ..................                                  [ 43%]\ntests/test_brain.py .............                                        [ 50%]\ntests/test_code_metrics.py .................                             [ 60%]\ntests/test_code_validator.py ..........                                  [ 65%]\ntests/test_config_loading.py ....                                        [ 68%]\ntests/test_hephaestus.py ...                                             [ 69%]\ntests/test_memory.py ................                                    [ 78%]\ntests/test_patch_applicator.py ..........................                [ 93%]\ntests/test_project_scanner.py ...........                                [100%]\n\n=================================== FAILURES ===================================\n____________________ TestToolExecutor.test_web_search_error ____________________\n\nself = <test_tool_executor.TestToolExecutor testMethod=test_web_search_error>\nmock_get = <MagicMock name='get' id='133718440497936'>\n\n    @patch('agent.tool_executor.requests.get')\n    def test_web_search_error(self, mock_get):\n        # Configurar mock para lan√ßar exce√ß√£o\n        mock_get.side_effect = Exception(\"Erro de conex√£o\")\n    \n        # Executar fun√ß√£o\n        success, results = web_search(\"test query\")\n    \n        # Verificar resultados\n>       self.assertFalse(success)\nE       AssertionError: True is not false\n\ntests/agent/test_tool_executor.py:52: AssertionError\n----------------------------- Captured stdout call -----------------------------\nErro na busca DuckDuckGo: Erro de conex√£o\nErro na busca DuckDuckGo: Erro de conex√£o\n_________________ TestToolExecutor.test_web_search_no_results __________________\n\nself = <test_tool_executor.TestToolExecutor testMethod=test_web_search_no_results>\nmock_get = <MagicMock name='get' id='133718440504208'>\n\n    @patch('agent.tool_executor.requests.get')\n    def test_web_search_no_results(self, mock_get):\n        # Configurar mock\n        mock_response = MagicMock()\n        mock_response.status_code = 200\n        mock_response.json.return_value = {\"Results\": []}\n        mock_get.return_value = mock_response\n    \n        # Executar fun√ß√£o\n        success, results = web_search(\"test query\")\n    \n        # Verificar resultados\n        self.assertTrue(success)\n>       self.assertEqual(\"Nenhum resultado encontrado para a pesquisa.\", results)\nE       AssertionError: 'Nenhum resultado encontrado para a pesquisa.' != \"Nenhum resultado relevante encontrado para: 'test query'\"\nE       - Nenhum resultado encontrado para a pesquisa.\nE       + Nenhum resultado relevante encontrado para: 'test query'\n\ntests/agent/test_tool_executor.py:41: AssertionError\n___________________ TestToolExecutor.test_web_search_success ___________________\n\nself = <test_tool_executor.TestToolExecutor testMethod=test_web_search_success>\nmock_get = <MagicMock name='get' id='133718438746000'>\n\n    @patch('agent.tool_executor.requests.get')\n    def test_web_search_success(self, mock_get):\n        # Configurar mock\n        mock_response = MagicMock()\n        mock_response.status_code = 200\n        mock_response.json.return_value = {\n            \"Results\": [\n                {\"Text\": \"Resultado 1\", \"FirstURL\": \"https://exemplo.com/1\"},\n                {\"Text\": \"Resultado 2\", \"FirstURL\": \"https://exemplo.com/2\"}\n            ]\n        }\n        mock_get.return_value = mock_response\n    \n        # Executar fun√ß√£o\n        success, results = web_search(\"test query\")\n    \n        # Verificar resultados\n        self.assertTrue(success)\n>       self.assertIn(\"Resultado 1\", results)\nE       AssertionError: 'Resultado 1' not found in \"Nenhum resultado relevante encontrado para: 'test query'\"\n\ntests/agent/test_tool_executor.py:25: AssertionError\n___________________________ test_web_search_success ____________________________\n\nmock_requests_get = <MagicMock name='get' id='133718440320208'>\n\n    def test_web_search_success(mock_requests_get):\n        # Mock successful API response\n        mock_response = MagicMock()\n        mock_response.status_code = 200\n        mock_response.json.return_value = {\n            \"Results\": [\n                {\"Text\": \"Test result 1\", \"FirstURL\": \"https://example.com/1\"},\n                {\"Text\": \"Test result 2\", \"FirstURL\": \"https://example.com/2\"}\n            ]\n        }\n        mock_requests_get.return_value = mock_response\n    \n        success, results = web_search(\"test query\")\n    \n        assert success is True\n>       assert \"1. Test result 1\" in results\nE       AssertionError: assert '1. Test result 1' in 'üîç RESULTADOS DA PESQUISA WEB:\\n\\n1. **Test result 1**\\n   üîó https://example.com/1\\n   üìù Test result 1\\n   ‚≠ê Relev√¢ncia: 4.0\\n\\n2. **Test result 2**\\n   üîó https://example.com/2\\n   üìù Test result 2\\n   ‚≠ê Relev√¢ncia: 4.0\\n'\n\ntests/agent/test_web_search.py:26: AssertionError\n__________________________ test_web_search_no_results __________________________\n\nmock_requests_get = <MagicMock name='get' id='133718438904848'>\n\n    def test_web_search_no_results(mock_requests_get):\n        # Mock empty results\n        mock_response = MagicMock()\n        mock_response.status_code = 200\n        mock_response.json.return_value = {\"Results\": []}\n        mock_requests_get.return_value = mock_response\n    \n        success, results = web_search(\"test query\")\n    \n        assert success is True\n>       assert \"Nenhum resultado encontrado para a pesquisa.\" in results\nE       assert 'Nenhum resultado encontrado para a pesquisa.' in \"Nenhum resultado relevante encontrado para: 'test query'\"\n\ntests/agent/test_web_search.py:41: AssertionError\n__________________________ test_web_search_api_error ___________________________\n\nmock_requests_get = <MagicMock name='get' id='133718438907408'>\n\n    def test_web_search_api_error(mock_requests_get):\n        # Mock API error\n        mock_requests_get.side_effect = Exception(\"API error\")\n    \n        success, results = web_search(\"test query\")\n    \n>       assert success is False\nE       assert True is False\n\ntests/agent/test_web_search.py:49: AssertionError\n----------------------------- Captured stdout call -----------------------------\nErro na busca DuckDuckGo: API error\nErro na busca DuckDuckGo: API error\n_______________________ test_web_search_connection_error _______________________\n\nmock_requests_get = <MagicMock name='get' id='133718438990352'>\n\n    def test_web_search_connection_error(mock_requests_get):\n        # Mock connection error\n        mock_requests_get.side_effect = requests.exceptions.ConnectionError(\"Connection failed\")\n    \n        success, results = web_search(\"test query\")\n    \n>       assert success is False\nE       assert True is False\n\ntests/agent/test_web_search.py:58: AssertionError\n----------------------------- Captured stdout call -----------------------------\nErro na busca DuckDuckGo: Connection failed\nErro na busca DuckDuckGo: Connection failed\n=========================== short test summary info ============================\nFAILED tests/agent/test_tool_executor.py::TestToolExecutor::test_web_search_error\nFAILED tests/agent/test_tool_executor.py::TestToolExecutor::test_web_search_no_results\nFAILED tests/agent/test_tool_executor.py::TestToolExecutor::test_web_search_success\nFAILED tests/agent/test_web_search.py::test_web_search_success - AssertionErr...\nFAILED tests/agent/test_web_search.py::test_web_search_no_results - assert 'N...\nFAILED tests/agent/test_web_search.py::test_web_search_api_error - assert Tru...\nFAILED tests/agent/test_web_search.py::test_web_search_connection_error - ass...\n======================== 7 failed, 169 passed in 1.33s =========================\n\nStderr:\n",
            "date": "2025-07-04T01:06:02.022567+00:00",
            "status": "failed"
        },
        {
            "objective": "**Next Strategic Objective:**  \n\"Analisar os 5 falhas do Strategy 'SYNTAX_AND_PYTEST' no evolution_log.csv para identificar padr√µes de erro espec√≠ficos em patches gerados pelo ArchitectAgent. Refinar o prompt do ArchitectAgent em `prompt_builder.py` para incluir restri√ß√µes de complexidade ciclom√°tica (CC ‚â§ 30) e valida√ß√£o de impacto no c√≥digo existente. Paralelamente, criar testes unit√°rios em `tests/agent/validation_steps/test_patch_applicator.py` para a nova estrat√©gia `CYCLOMATIC_COMPLEXITY_CHECK` proposta, garantindo que ela bloqueie altera√ß√µes com CC elevada antes da aplica√ß√£o, evitando falhas futuras.\"  \n\n**Rationale:**  \n1. **RSI Alignment:** Direciona para otimiza√ß√£o de prompts (prompt_builder.py) e estrat√©gias din√¢micas (CYCLOMATIC_COMPLEXITY_CHECK), alinhado ao roadmap de \"Otimiza√ß√£o de Prompts e Estrat√©gias\" e \"Gerenciamento de Estrat√©gias Din√¢micas\".  \n2. **Performance Gap:** Resolve a principal falha do SYNTAX_AND_PYTEST (14.29% de falha) ao melhorar a qualidade dos patches gerados e adicionar uma camada de seguran√ßa contra complexidade excessiva.  \n3. **Test Coverage:** Preenche a lacuna de testes para `patch_applicator.py` e `validation_steps`, garantindo robustez na nova estrat√©gia.  \n4. **Avoiding Repeats:** Baseia-se na falha anterior de `apply_patches` (CC:65) e `run_cycles` (CC:89), propondo valida√ß√£o proativa de complexidade antes da aplica√ß√£o.  \n5. **Actionable:** Especifica an√°lise de logs, refinamento de prompt e implementa√ß√£o de testes para a nova estrat√©gia.",
            "reason": "PYTEST_FAILURE_IN_SANDBOX",
            "details": "Pytest Command: pytest tests/ (CWD: /tmp/hephaestus_sandbox_s1regqty)\nExit Code: 1\n\nStdout:\n============================= test session starts ==============================\nplatform linux -- Python 3.11.9, pytest-8.4.1, pluggy-1.6.0\nrootdir: /tmp/hephaestus_sandbox_s1regqty\nconfigfile: pyproject.toml\nplugins: mock-3.14.1, anyio-4.9.0, hydra-core-1.3.2\ncollected 176 items\n\ntests/agent/test_brain.py ......                                         [  3%]\ntests/agent/test_error_analyzer.py .......                               [  7%]\ntests/agent/test_patch_applicator.py ...........                         [ 13%]\ntests/agent/test_performance_analyzer.py ...                             [ 15%]\ntests/agent/test_prompt_builder.py .......                               [ 19%]\ntests/agent/test_tool_executor.py FFF                                    [ 21%]\ntests/agent/test_web_search.py FFFF                                      [ 23%]\ntests/agent/utils/test_llm_client.py ........                            [ 27%]\ntests/agent/validation_steps/test_pytest_new_file_validator.py ......... [ 32%]\n                                                                         [ 32%]\ntests/test_agents.py ..................                                  [ 43%]\ntests/test_brain.py .............                                        [ 50%]\ntests/test_code_metrics.py .................                             [ 60%]\ntests/test_code_validator.py ..........                                  [ 65%]\ntests/test_config_loading.py ....                                        [ 68%]\ntests/test_hephaestus.py ...                                             [ 69%]\ntests/test_memory.py ................                                    [ 78%]\ntests/test_patch_applicator.py ..........................                [ 93%]\ntests/test_project_scanner.py ...........                                [100%]\n\n=================================== FAILURES ===================================\n____________________ TestToolExecutor.test_web_search_error ____________________\n\nself = <test_tool_executor.TestToolExecutor testMethod=test_web_search_error>\nmock_get = <MagicMock name='get' id='132769686326864'>\n\n    @patch('agent.tool_executor.requests.get')\n    def test_web_search_error(self, mock_get):\n        # Configurar mock para lan√ßar exce√ß√£o\n        mock_get.side_effect = Exception(\"Erro de conex√£o\")\n    \n        # Executar fun√ß√£o\n        success, results = web_search(\"test query\")\n    \n        # Verificar resultados\n>       self.assertFalse(success)\nE       AssertionError: True is not false\n\n/home/arthur/projects/agente_autonomo/tests/agent/test_tool_executor.py:52: AssertionError\n----------------------------- Captured stdout call -----------------------------\nErro na busca DuckDuckGo: Erro de conex√£o\nErro na busca DuckDuckGo: Erro de conex√£o\n_________________ TestToolExecutor.test_web_search_no_results __________________\n\nself = <test_tool_executor.TestToolExecutor testMethod=test_web_search_no_results>\nmock_get = <MagicMock name='get' id='132769686323344'>\n\n    @patch('agent.tool_executor.requests.get')\n    def test_web_search_no_results(self, mock_get):\n        # Configurar mock\n        mock_response = MagicMock()\n        mock_response.status_code = 200\n        mock_response.json.return_value = {\"Results\": []}\n        mock_get.return_value = mock_response\n    \n        # Executar fun√ß√£o\n        success, results = web_search(\"test query\")\n    \n        # Verificar resultados\n        self.assertTrue(success)\n>       self.assertEqual(\"Nenhum resultado encontrado para a pesquisa.\", results)\nE       AssertionError: 'Nenhum resultado encontrado para a pesquisa.' != \"Nenhum resultado relevante encontrado para: 'test query'\"\nE       - Nenhum resultado encontrado para a pesquisa.\nE       + Nenhum resultado relevante encontrado para: 'test query'\n\n/home/arthur/projects/agente_autonomo/tests/agent/test_tool_executor.py:41: AssertionError\n___________________ TestToolExecutor.test_web_search_success ___________________\n\nself = <test_tool_executor.TestToolExecutor testMethod=test_web_search_success>\nmock_get = <MagicMock name='get' id='132769684528464'>\n\n    @patch('agent.tool_executor.requests.get')\n    def test_web_search_success(self, mock_get):\n        # Configurar mock\n        mock_response = MagicMock()\n        mock_response.status_code = 200\n        mock_response.json.return_value = {\n            \"Results\": [\n                {\"Text\": \"Resultado 1\", \"FirstURL\": \"https://exemplo.com/1\"},\n                {\"Text\": \"Resultado 2\", \"FirstURL\": \"https://exemplo.com/2\"}\n            ]\n        }\n        mock_get.return_value = mock_response\n    \n        # Executar fun√ß√£o\n        success, results = web_search(\"test query\")\n    \n        # Verificar resultados\n        self.assertTrue(success)\n>       self.assertIn(\"Resultado 1\", results)\nE       AssertionError: 'Resultado 1' not found in \"Nenhum resultado relevante encontrado para: 'test query'\"\n\n/home/arthur/projects/agente_autonomo/tests/agent/test_tool_executor.py:25: AssertionError\n___________________________ test_web_search_success ____________________________\n\nmock_requests_get = <MagicMock name='get' id='132769684536912'>\n\n    def test_web_search_success(mock_requests_get):\n        # Mock successful API response\n        mock_response = MagicMock()\n        mock_response.status_code = 200\n        mock_response.json.return_value = {\n            \"Results\": [\n                {\"Text\": \"Test result 1\", \"FirstURL\": \"https://example.com/1\"},\n                {\"Text\": \"Test result 2\", \"FirstURL\": \"https://example.com/2\"}\n            ]\n        }\n        mock_requests_get.return_value = mock_response\n    \n        success, results = web_search(\"test query\")\n    \n        assert success is True\n>       assert \"1. Test result 1\" in results\nE       AssertionError: assert '1. Test result 1' in 'üîç RESULTADOS DA PESQUISA WEB:\\n\\n1. **Test result 1**\\n   üîó https://example.com/1\\n   üìù Test result 1\\n   ‚≠ê Relev√¢ncia: 4.0\\n\\n2. **Test result 2**\\n   üîó https://example.com/2\\n   üìù Test result 2\\n   ‚≠ê Relev√¢ncia: 4.0\\n'\n\n/home/arthur/projects/agente_autonomo/tests/agent/test_web_search.py:26: AssertionError\n__________________________ test_web_search_no_results __________________________\n\nmock_requests_get = <MagicMock name='get' id='132769684684432'>\n\n    def test_web_search_no_results(mock_requests_get):\n        # Mock empty results\n        mock_response = MagicMock()\n        mock_response.status_code = 200\n        mock_response.json.return_value = {\"Results\": []}\n        mock_requests_get.return_value = mock_response\n    \n        success, results = web_search(\"test query\")\n    \n        assert success is True\n>       assert \"Nenhum resultado encontrado para a pesquisa.\" in results\nE       assert 'Nenhum resultado encontrado para a pesquisa.' in \"Nenhum resultado relevante encontrado para: 'test query'\"\n\n/home/arthur/projects/agente_autonomo/tests/agent/test_web_search.py:41: AssertionError\n__________________________ test_web_search_api_error ___________________________\n\nmock_requests_get = <MagicMock name='get' id='132769684670736'>\n\n    def test_web_search_api_error(mock_requests_get):\n        # Mock API error\n        mock_requests_get.side_effect = Exception(\"API error\")\n    \n        success, results = web_search(\"test query\")\n    \n>       assert success is False\nE       assert True is False\n\n/home/arthur/projects/agente_autonomo/tests/agent/test_web_search.py:49: AssertionError\n----------------------------- Captured stdout call -----------------------------\nErro na busca DuckDuckGo: API error\nErro na busca DuckDuckGo: API error\n_______________________ test_web_search_connection_error _______________________\n\nmock_requests_get = <MagicMock name='get' id='132769684617680'>\n\n    def test_web_search_connection_error(mock_requests_get):\n        # Mock connection error\n        mock_requests_get.side_effect = requests.exceptions.ConnectionError(\"Connection failed\")\n    \n        success, results = web_search(\"test query\")\n    \n>       assert success is False\nE       assert True is False\n\n/home/arthur/projects/agente_autonomo/tests/agent/test_web_search.py:58: AssertionError\n----------------------------- Captured stdout call -----------------------------\nErro na busca DuckDuckGo: Connection failed\nErro na busca DuckDuckGo: Connection failed\n=========================== short test summary info ============================\nFAILED tests/agent/test_tool_executor.py::TestToolExecutor::test_web_search_error\nFAILED tests/agent/test_tool_executor.py::TestToolExecutor::test_web_search_no_results\nFAILED tests/agent/test_tool_executor.py::TestToolExecutor::test_web_search_success\nFAILED tests/agent/test_web_search.py::test_web_search_success - AssertionErr...\nFAILED tests/agent/test_web_search.py::test_web_search_no_results - assert 'N...\nFAILED tests/agent/test_web_search.py::test_web_search_api_error - assert Tru...\nFAILED tests/agent/test_web_search.py::test_web_search_connection_error - ass...\n======================== 7 failed, 169 passed in 1.33s =========================\n\nStderr:\n",
            "date": "2025-07-04T01:20:42.207685+00:00",
            "status": "failed"
        },
        {
            "objective": "**Next Strategic Objective:**  \n\"Refatorar as fun√ß√µes `apply_patches` (CC:65) em `agent/patch_applicator.py` e `run_cycles` (CC:89) em `agent/cycle_runner.py`, dividindo-as em subfun√ß√µes especializadas para reduzir complexidade ciclom√°tica. Criar testes unit√°rios em `tests/agent/test_patch_applicator.py` e `tests/agent/test_cycle_runner.py` para validar a estabilidade das novas implementa√ß√µes, garantindo que a estrat√©gia `CYCLOMATIC_COMPLEXITY_CHECK` seja efetivamente aplicada antes da execu√ß√£o de patches, evitando falhas futuras devido a mudan√ßas complexas.\"  \n\n**Rationale:**  \n1. **RSI Priority:** Direciona para refatora√ß√£o estrutural e valida√ß√£o de complexidade, alinhado ao roadmap de \"Gerenciamento de Estrat√©gias Din√¢micas\" e \"Refatora√ß√£o Orientada a Capacidades\".  \n2. **Performance Gap:** Resolve a falha cr√≠tica no `apply_patches` (CC:65) e `run_cycles` (CC:89), que contribu√≠ram para falhas em testes e aplica√ß√£o de patches.  \n3. **Test Coverage:** Preenche lacunas de testes para m√≥dulos essenciais (`patch_applicator.py`, `cycle_runner.py`) e integra a valida√ß√£o de complexidade como gate de qualidade.  \n4. **Avoiding Repeats:** Baseia-se na falha anterior de `apply_patches` e `run_cycles`, propondo uma solu√ß√£o estrutural e testada.  \n5. **Actionable:** Especifica refatora√ß√£o de fun√ß√µes com alta complexidade, cria√ß√£o de testes unit√°rios e integra√ß√£o da nova estrat√©gia de valida√ß√£o.",
            "reason": "PYTEST_FAILURE_IN_SANDBOX",
            "details": "Pytest Command: pytest tests/ (CWD: /tmp/hephaestus_sandbox_coa3rn5t)\nExit Code: 2\n\nStdout:\n============================= test session starts ==============================\nplatform linux -- Python 3.11.9, pytest-8.4.1, pluggy-1.6.0\nrootdir: /tmp/hephaestus_sandbox_coa3rn5t\nconfigfile: pyproject.toml\nplugins: mock-3.14.1, anyio-4.9.0, hydra-core-1.3.2\ncollected 169 items / 2 errors\n\n==================================== ERRORS ====================================\n______________ ERROR collecting tests/agent/test_cycle_runner.py _______________\nImportError while importing test module '/tmp/hephaestus_sandbox_coa3rn5t/tests/agent/test_cycle_runner.py'.\nHint: make sure your test modules/packages have valid Python names.\nTraceback:\n/home/arthur/.pyenv/versions/3.11.9/lib/python3.11/importlib/__init__.py:126: in import_module\n    return _bootstrap._gcd_import(name[level:], package, level)\n           ^^^^^^^^^^^^^^^^^^^^^^^^^^^^^^^^^^^^^^^^^^^^^^^^^^^^\ntests/agent/test_cycle_runner.py:2: in <module>\n    from agent.cycle_runner import run_cycles, _initialize_cycle_state, _execute_evolution_step, _validate_cycle_results, _log_cycle_details\nE   ImportError: cannot import name '_initialize_cycle_state' from 'agent.cycle_runner' (/tmp/hephaestus_sandbox_coa3rn5t/agent/cycle_runner.py)\n____ ERROR collecting tests/agent/validation_steps/test_patch_applicator.py ____\nimport file mismatch:\nimported module 'test_patch_applicator' has this __file__ attribute:\n  /tmp/hephaestus_sandbox_coa3rn5t/tests/agent/test_patch_applicator.py\nwhich is not the same as the test file we want to collect:\n  /tmp/hephaestus_sandbox_coa3rn5t/tests/agent/validation_steps/test_patch_applicator.py\nHINT: remove __pycache__ / .pyc files and/or use a unique basename for your test file modules\n=========================== short test summary info ============================\nERROR tests/agent/test_cycle_runner.py\nERROR tests/agent/validation_steps/test_patch_applicator.py\n!!!!!!!!!!!!!!!!!!! Interrupted: 2 errors during collection !!!!!!!!!!!!!!!!!!!!\n============================== 2 errors in 0.65s ===============================\n\nStderr:\n",
            "date": "2025-07-04T02:16:31.937316+00:00",
            "status": "failed"
        },
        {
            "objective": "**Next Strategic Objective:**  \n\"Analisar os 7 falhas recentes da estrat√©gia 'SYNTAX_AND_PYTEST' no `evolution_log.csv` para identificar padr√µes de erro em patches gerados pelo ArchitectAgent, como falhas de l√≥gica de aplica√ß√£o ou complexidade ciclom√°tica n√£o controlada. Refinar o prompt do ArchitectAgent em `prompt_builder.py` para incluir restri√ß√µes de CC ‚â§ 30 e valida√ß√£o de impacto no c√≥digo existente. Paralelamente, implementar e testar a estrat√©gia `CYCLOMATIC_COMPLEXITY_CHECK` no `hephaestus_config.json`, adicionando testes unit√°rios em `tests/agent/validation_steps/test_patch_applicator.py` para garantir que patches com CC > 30 sejam bloqueados antes da aplica√ß√£o, corrigindo a falha recorrente no sandbox.\"  \n\n**Rationale:**  \n1. **RSI Alignment:** Direciona para otimiza√ß√£o de prompts (prompt_builder.py) e estrat√©gias din√¢micas (CYCLOMATIC_COMPLEXITY_CHECK), alinhado a \"Otimiza√ß√£o de Prompts e Estrat√©gias\" (Fase 1) e \"Gerenciamento de Estrat√©gias Din√¢micas\" (Fase 2).  \n2. **Performance Gap:** Aborda a falha cr√≠tica de 25% na SYNTAX_AND_PYTEST, ligada a patches de alta complexidade (CC:65/89) que n√£o foram validados adequadamente.  \n3. **Roadmap Advancement:** Implementa \"Refatora√ß√£o Orientada a Capacidades\" (Fase 1) ao vincular a redu√ß√£o de CC a melhorias na gera√ß√£o de patches.  \n4. **Avoiding Repeats:** Evita repetir falhas anteriores ao integrar valida√ß√£o proativa de CC e melhorar a qualidade dos patches antes da execu√ß√£o.  \n5. **Actionable Specificity:** Define an√°lise de logs, refinamento de prompt, implementa√ß√£o de estrat√©gia no config e cria√ß√£o de testes para valida√ß√£o, com metas claras para reduzir falhas no sandbox.",
            "reason": "SYNTAX_VALIDATION_FAILED_IN_SANDBOX",
            "details": "agent/hephaestus_config.json: Extra data",
            "date": "2025-07-04T02:17:39.872698+00:00",
            "status": "failed"
        },
        {
            "objective": "**Next Strategic Objective:**  \n\"Utilizar o `PromptOptimizer` (agent/agents/prompt_optimizer.py) para analisar os prompts do `ArchitectAgent` e `MaestroAgent` utilizados na estrat√©gia `SYNTAX_AND_PYTEST`, com base nos padr√µes de falha identificados no `evolution_log.csv`. Propor modifica√ß√µes espec√≠ficas nos prompts para incluir restri√ß√µes de valida√ß√£o de complexidade ciclom√°tica (CC ‚â§ 30) e melhorar a l√≥gica de gera√ß√£o de patches, garantindo que altera√ß√µes cr√≠ticas sejam bloqueadas antes da aplica√ß√£o. Paralelamente, implementar uma estrat√©gia `ADVANCED_LINTING` no `hephaestus_config.json` que integre verifica√ß√µes com `ruff` ou `flake8` como pr√©-requisito para patches, reduzindo falhas de sintaxe e aumentando a taxa de sucesso da estrat√©gia.\"  \n\n**Rationale:**  \n1. **RSI Alignment:** Direciona para otimiza√ß√£o de prompts (PromptOptimizer) e expans√£o de estrat√©gias din√¢micas (ADVANCED_LINTING), alinhado a \"Otimiza√ß√£o de Prompts e Estrat√©gias\" (Fase 1) e \"Gerenciamento de Estrat√©gias Din√¢micas\" (Fase 2).  \n2. **Performance Gap:** Aborda a falha persistente em `SYNTAX_AND_PYTEST` (75% de sucesso), vinculando-a a prompts inadequados e falta de valida√ß√£o proativa de CC.  \n3. **Roadmap Advancement:** Implementa \"Refatora√ß√£o Orientada a Capacidades\" ao integrar valida√ß√£o de qualidade (linting) como pr√©-condi√ß√£o para patches, evitando falhas no sandbox.  \n4. **Avoiding Repeats:** Evita repetir falhas anteriores ao combinar an√°lise de logs, otimiza√ß√£o de prompts e novas camadas de valida√ß√£o (linting).  \n5. **Actionable Specificity:** Define a√ß√µes claras (refinar prompts, criar estrat√©gia `ADVANCED_LINTING`) com alvos t√©cnicos (CC ‚â§ 30, integra√ß√£o de ferramentas de linting) e m√©tricas de sucesso (aumento da taxa de sucesso em `SYNTAX_AND_PYTEST`).",
            "reason": "SYNTAX_VALIDATION_FAILED_IN_SANDBOX",
            "details": "agent/hephaestus_config.json: Extra data",
            "date": "2025-07-04T02:18:51.638503+00:00",
            "status": "failed"
        },
        {
            "objective": "**Next Strategic Objective:**  \n\"Utilizar o `PromptOptimizer` (agent/agents/prompt_optimizer.py) para analisar os prompts do `ArchitectAgent` e `MaestroAgent` utilizados na estrat√©gia `SYNTAX_AND_PYTEST`, com base nas 7 falhas recentes no `evolution_log.csv`. Propor modifica√ß√µes espec√≠ficas nos prompts para incluir restri√ß√µes de complexidade ciclom√°tica (CC ‚â§ 30) e valida√ß√£o de impacto no c√≥digo existente, garantindo que patches gerados evitem fun√ß√µes com alta complexidade (como `apply_patches` e `run_cycles`). Paralelamente, implementar a estrat√©gia `CYCLOMATIC_COMPLEXITY_CHECK` no `hephaestus_config.json` para bloquear patches com CC > 30 antes da aplica√ß√£o, reduzindo falhas no `SYNTAX_AND_PYTEST` e alinhando-se √† meta de 'Refatora√ß√£o Orientada a Capacidades' (Fase 1 do roadmap).\"  \n\n**Rationale:**  \n1. **RSI Alignment:** Direciona para otimiza√ß√£o de prompts (PromptOptimizer) e expans√£o de estrat√©gias din√¢micas (CYCLOMATIC_COMPLEXITY_CHECK), alinhado a \"Otimiza√ß√£o de Prompts e Estrat√©gias\" (Fase 1) e \"Gerenciamento de Estrat√©gias Din√¢micas\" (Fase 2).  \n2. **Performance Gap:** Resolve falhas persistentes em `SYNTAX_AND_PYTEST` (75% de sucesso) causadas por patches de alta complexidade (CC:65 em `apply_patches`, CC:92 em `run_cycles`).  \n3. **Roadmap Advancement:** Implementa \"Refatora√ß√£o Orientada a Capacidades\" ao vincular restri√ß√µes de CC √† gera√ß√£o de patches, evitando falhas no sandbox.  \n4. **Avoiding Repeats:** Evita repetir falhas anteriores ao integrar valida√ß√£o proativa de CC e refinamento de prompts, com base em logs de falhas espec√≠ficas.  \n5. **Actionable Specificity:** Define a√ß√µes claras (an√°lise de prompts, implementa√ß√£o de estrat√©gia no config) com metas t√©cnicas (CC ‚â§ 30) e m√©tricas de sucesso (aumento da taxa de sucesso em `SYNTAX_AND_PYTEST`).",
            "reason": "SYNTAX_VALIDATION_FAILED_IN_SANDBOX",
            "details": "agent/hephaestus_config.json: Extra data",
            "date": "2025-07-04T02:19:51.136903+00:00",
            "status": "failed"
        },
        {
            "objective": "**Next Strategic Objective:**  \n\"Implementar a estrat√©gia `COMPREHENSIVE_PRE_VALIDATION` no `hephaestus_config.json`, integrando verifica√ß√µes de complexidade ciclom√°tica (CC ‚â§ 30) e linting com `ruff`/`flake8` como pr√©-requisitos para patches, bloqueando altera√ß√µes que falham em qualquer etapa. Paralelamente, criar testes unit√°rios para `agent/validation_steps/syntax_validator.py` e `agent/validation_steps/patch_applicator.py` para garantir que a valida√ß√£o compreensiva funcione corretamente, reduzindo falhas no `SYNTAX_AND_PYTEST` e alinhando-se √† meta de 'Refatora√ß√£o Orientada a Capacidades' (Fase 1) e 'Gerenciamento de Estrat√©gias Din√¢micas' (Fase 2).\"\n\n**Rationale:**  \n1. **RSI Alignment:** Combina valida√ß√£o proativa de qualidade (CC e linting) com aprimoramento de estrat√©gias din√¢micas, alinhando-se a Fase 1 (capacita√ß√£o) e Fase 2 (gest√£o de estrat√©gias).  \n2. **Performance Gap:** Direciona para resolver falhas recorrentes em `SYNTAX_AND_PYTEST` causadas por patches de alta complexidade ou sintaxe inv√°lida, mesmo ap√≥s refatora√ß√£o.  \n3. **Roadmap Advancement:** Avan√ßa \"Refatora√ß√£o Orientada a Capacidades\" ao vincular valida√ß√£o de qualidade a objetivos de evolu√ß√£o, e \"Gerenciamento de Estrat√©gias Din√¢micas\" ao expandir as regras de valida√ß√£o no config.  \n4. **Avoiding Repeats:** Evita repetir falhas anteriores ao integrar m√∫ltiplas camadas de valida√ß√£o (CC + linting) e garantir testes para os m√≥dulos de valida√ß√£o.  \n5. **Actionable Specificity:** Define a√ß√µes claras (criar estrat√©gia no config, implementar verifica√ß√µes t√©cnicas, criar testes para m√≥dulos cr√≠ticos) com metas mensur√°veis (bloquear patches inv√°lidos, aumentar taxa de sucesso em `SYNTAX_AND_PYTEST`).",
            "reason": "SYNTAX_VALIDATION_FAILED_IN_SANDBOX",
            "details": "agent/hephaestus_config.json: Extra data",
            "date": "2025-07-04T02:21:03.317524+00:00",
            "status": "failed"
        },
        {
            "objective": "[CAPACITATION TASK] Implement a new function `validate_patch_with_linter(patch: str) -> bool` in `agent/validation_steps/linter_validator.py` using `ruff` or `flake8` to check syntax and style compliance, and integrate it into the `COMPREHENSIVE_PRE_VALIDATION` strategy in `hephaestus_config.json` to block patches failing linting or cyclomatic complexity checks (CC ‚â§ 30), ensuring test coverage in `tests/agent/test_linter_validator.py`.",
            "reason": "SYNTAX_VALIDATION_FAILED_IN_SANDBOX",
            "details": "hephaestus_config.json: Extra data",
            "date": "2025-07-04T02:25:25.779243+00:00",
            "status": "failed"
        },
        {
            "objective": "[CAPACITATION TASK] Implement the `COMPREHENSIVE_PRE_VALIDATION` strategy in `hephaestus_config.json` with strict rules to block patches exceeding cyclomatic complexity (CC ‚â§ 30) or failing ruff/flake8 linting checks, ensuring correct JSON syntax. Simultaneously, add unit tests in `tests/agent/test_validation_steps.py` to validate edge cases for CC thresholds and linting errors, and fix any syntax issues in the existing config file.",
            "reason": "SYNTAX_VALIDATION_FAILED_IN_SANDBOX",
            "details": "agent/hephaestus_config.json: Extra data",
            "date": "2025-07-04T02:27:45.887285+00:00",
            "status": "failed"
        },
        {
            "objective": "**Next Strategic Objective:**  \nImplementar uma estrat√©gia de valida√ß√£o `CONFIG_SYNTAX_CHECK` no `hephaestus_config.json` que utilize a fun√ß√£o `validate_json_syntax` do `agent/code_validator.py` para verificar a sintaxe do arquivo de configura√ß√£o antes de aplicar altera√ß√µes. Paralelamente, criar testes unit√°rios em `tests/agent/test_config_loader.py` para validar a integridade da configura√ß√£o carregada, com foco em casos de erro de sintaxe e estrutura inv√°lida, evitando falhas como \"Extra data\" em futuras atualiza√ß√µes de estrat√©gias.  \n\n**Rationale:**  \n1. **RSI Alignment:** Resolve falhas recorrentes em atualiza√ß√µes de configura√ß√£o (ex: \"Extra data\") ao integrar valida√ß√£o proativa de sintaxe, alinhando-se √† necessidade de \"Gerenciamento de Estrat√©gias Din√¢micas\" (Fase 2 do Roadmap).  \n2. **Performance Gap:** Evita que falhas em estrat√©gias como `COMPREHENSIVE_PRE_VALIDATION` se repitam devido a erros de sintaxe no config, melhorando a confiabilidade de novas implementa√ß√µes.  \n3. **Code Quality:** Aborda o m√≥dulo `config_loader.py` (sem testes) e `hephaestus_config.json` (ponto cr√≠tico de falhas), garantindo que altera√ß√µes no config n√£o introduzam erros estruturais.  \n4. **Actionable:** Especifica a cria√ß√£o de uma nova estrat√©gia de valida√ß√£o no config e a implementa√ß√£o de testes para o `config_loader.py`, com metas claras para prevenir falhas.",
            "reason": "SYNTAX_VALIDATION_FAILED_IN_SANDBOX",
            "details": "agent/hephaestus_config.json: Extra data",
            "date": "2025-07-04T02:31:08.531140+00:00",
            "status": "failed"
        },
        {
            "objective": "\"Refatorar a fun√ß√£o `generate_next_objective` em `agent/brain.py` (LOC: 162, CC: 43) dividindo-a em subfun√ß√µes especializadas para an√°lise de performance, gera√ß√£o de prompts e sele√ß√£o de estrat√©gias, reduzindo complexidade e aumentando a clareza. Paralelamente, criar testes unit√°rios em `tests/agent/test_brain.py` para validar a l√≥gica de gera√ß√£o de objetivos, e integrar uma verifica√ß√£o de estrutura√ß√£o v√°lida do `hephaestus_config.json` na estrat√©gia `COMPREHENSIVE_PRE_VALIDATION` para bloquear patches que introduzam inconsist√™ncias no formato do config, corrigindo a falha 'Extra data' recorrente.\"",
            "reason": "SYNTAX_VALIDATION_FAILED_IN_SANDBOX",
            "details": "agent/validation_steps/syntax_validator.py: Sorry: IndentationError: expected an indented block after function definition on line 14 (syntax_validator.py, line 15)",
            "date": "2025-07-04T02:32:04.664023+00:00",
            "status": "failed"
        },
        {
            "objective": "\"Refinar os prompts do `ArchitectAgent` e `MaestroAgent` utilizados na estrat√©gia `CONFIG_UPDATE_STRATEGY`, adicionando valida√ß√£o rigorosa de estrutura JSON e l√≥gica de integra√ß√£o com o `config_loader.py`. Paralelamente, criar testes unit√°rios em `tests/agent/validation_steps/test_syntax_validator.py` e `tests/agent/test_config_loader.py` para corrigir a falha 'Extra data' e o `IndentationError` recorrentes, garantindo que altera√ß√µes no `hephaestus_config.json` passem por valida√ß√£o de sintaxe e formata√ß√£o antes da aplica√ß√£o de patches.\"",
            "reason": "PYTEST_FAILURE_IN_SANDBOX",
            "details": "Pytest Command: pytest tests/ (CWD: /tmp/hephaestus_sandbox_q81_pxat)\nExit Code: 2\n\nStdout:\n============================= test session starts ==============================\nplatform linux -- Python 3.11.9, pytest-8.4.1, pluggy-1.6.0\nrootdir: /tmp/hephaestus_sandbox_q81_pxat\nconfigfile: pyproject.toml\nplugins: mock-3.14.1, anyio-4.9.0, hydra-core-1.3.2\ncollected 161 items / 5 errors\n\n==================================== ERRORS ====================================\n______________ ERROR collecting tests/agent/test_config_loader.py ______________\nImportError while importing test module '/tmp/hephaestus_sandbox_q81_pxat/tests/agent/test_config_loader.py'.\nHint: make sure your test modules/packages have valid Python names.\nTraceback:\n/home/arthur/.pyenv/versions/3.11.9/lib/python3.11/importlib/__init__.py:126: in import_module\n    return _bootstrap._gcd_import(name[level:], package, level)\n           ^^^^^^^^^^^^^^^^^^^^^^^^^^^^^^^^^^^^^^^^^^^^^^^^^^^^\ntests/agent/test_config_loader.py:4: in <module>\n    from agent.validation_steps.syntax_validator import ValidateJsonSyntax\nagent/validation_steps/__init__.py:6: in <module>\n    from .syntax_validator import SyntaxValidator\nagent/validation_steps/syntax_validator.py:3: in <module>\n    from jsonschema import validate, ValidationError\nE   ModuleNotFoundError: No module named 'jsonschema'\n______________ ERROR collecting tests/agent/test_cycle_runner.py _______________\nImportError while importing test module '/tmp/hephaestus_sandbox_q81_pxat/tests/agent/test_cycle_runner.py'.\nHint: make sure your test modules/packages have valid Python names.\nTraceback:\n/home/arthur/.pyenv/versions/3.11.9/lib/python3.11/importlib/__init__.py:126: in import_module\n    return _bootstrap._gcd_import(name[level:], package, level)\n           ^^^^^^^^^^^^^^^^^^^^^^^^^^^^^^^^^^^^^^^^^^^^^^^^^^^^\ntests/agent/test_cycle_runner.py:4: in <module>\n    from agent.hephaestus_agent import HephaestusAgent\nagent/hephaestus_agent.py:24: in <module>\n    from agent.validation_steps import get_validation_step\nagent/validation_steps/__init__.py:6: in <module>\n    from .syntax_validator import SyntaxValidator\nagent/validation_steps/syntax_validator.py:3: in <module>\n    from jsonschema import validate, ValidationError\nE   ModuleNotFoundError: No module named 'jsonschema'\n____ ERROR collecting tests/agent/validation_steps/test_patch_applicator.py ____\nimport file mismatch:\nimported module 'test_patch_applicator' has this __file__ attribute:\n  /tmp/hephaestus_sandbox_q81_pxat/tests/agent/test_patch_applicator.py\nwhich is not the same as the test file we want to collect:\n  /tmp/hephaestus_sandbox_q81_pxat/tests/agent/validation_steps/test_patch_applicator.py\nHINT: remove __pycache__ / .pyc files and/or use a unique basename for your test file modules\n_ ERROR collecting tests/agent/validation_steps/test_pytest_new_file_validator.py _\nImportError while importing test module '/tmp/hephaestus_sandbox_q81_pxat/tests/agent/validation_steps/test_pytest_new_file_validator.py'.\nHint: make sure your test modules/packages have valid Python names.\nTraceback:\n/home/arthur/.pyenv/versions/3.11.9/lib/python3.11/importlib/__init__.py:126: in import_module\n    return _bootstrap._gcd_import(name[level:], package, level)\n           ^^^^^^^^^^^^^^^^^^^^^^^^^^^^^^^^^^^^^^^^^^^^^^^^^^^^\n/home/arthur/projects/agente_autonomo/tests/agent/validation_steps/test_pytest_new_file_validator.py:7: in <module>\n    from agent.validation_steps.pytest_new_file_validator import PytestNewFileValidator\nagent/validation_steps/__init__.py:6: in <module>\n    from .syntax_validator import SyntaxValidator\nagent/validation_steps/syntax_validator.py:3: in <module>\n    from jsonschema import validate, ValidationError\nE   ModuleNotFoundError: No module named 'jsonschema'\n____ ERROR collecting tests/agent/validation_steps/test_syntax_validator.py ____\nImportError while importing test module '/tmp/hephaestus_sandbox_q81_pxat/tests/agent/validation_steps/test_syntax_validator.py'.\nHint: make sure your test modules/packages have valid Python names.\nTraceback:\n/home/arthur/.pyenv/versions/3.11.9/lib/python3.11/importlib/__init__.py:126: in import_module\n    return _bootstrap._gcd_import(name[level:], package, level)\n           ^^^^^^^^^^^^^^^^^^^^^^^^^^^^^^^^^^^^^^^^^^^^^^^^^^^^\ntests/agent/validation_steps/test_syntax_validator.py:2: in <module>\n    from agent.validation_steps.syntax_validator import ValidateJsonSyntax\nagent/validation_steps/__init__.py:6: in <module>\n    from .syntax_validator import SyntaxValidator\nagent/validation_steps/syntax_validator.py:3: in <module>\n    from jsonschema import validate, ValidationError\nE   ModuleNotFoundError: No module named 'jsonschema'\n=========================== short test summary info ============================\nERROR tests/agent/test_config_loader.py\nERROR tests/agent/test_cycle_runner.py\nERROR tests/agent/validation_steps/test_patch_applicator.py\nERROR tests/agent/validation_steps/test_pytest_new_file_validator.py\nERROR tests/agent/validation_steps/test_syntax_validator.py\n!!!!!!!!!!!!!!!!!!! Interrupted: 5 errors during collection !!!!!!!!!!!!!!!!!!!!\n============================== 5 errors in 0.74s ===============================\n\nStderr:\n",
            "date": "2025-07-04T02:33:07.649280+00:00",
            "status": "failed"
        },
        {
            "objective": "[CAPACITATION TASK] Enhance the `syntax_validator.py` module to include a dedicated function `validate_indentation(code: str) -> bool` that checks for proper Python indentation structure, and integrate it into the `COMPREHENSIVE_PRE_VALIDATION` workflow to prevent `IndentationError` failures during patch application.",
            "reason": "PYTEST_FAILURE_IN_SANDBOX",
            "details": "Pytest Command: pytest tests/ (CWD: /tmp/hephaestus_sandbox_assi068y)\nExit Code: 2\n\nStdout:\n============================= test session starts ==============================\nplatform linux -- Python 3.11.9, pytest-8.4.1, pluggy-1.6.0\nrootdir: /tmp/hephaestus_sandbox_assi068y\nconfigfile: pyproject.toml\nplugins: mock-3.14.1, anyio-4.9.0, hydra-core-1.3.2\ncollected 161 items / 5 errors\n\n==================================== ERRORS ====================================\n______________ ERROR collecting tests/agent/test_config_loader.py ______________\nImportError while importing test module '/tmp/hephaestus_sandbox_assi068y/tests/agent/test_config_loader.py'.\nHint: make sure your test modules/packages have valid Python names.\nTraceback:\n/home/arthur/.pyenv/versions/3.11.9/lib/python3.11/importlib/__init__.py:126: in import_module\n    return _bootstrap._gcd_import(name[level:], package, level)\n           ^^^^^^^^^^^^^^^^^^^^^^^^^^^^^^^^^^^^^^^^^^^^^^^^^^^^\ntests/agent/test_config_loader.py:4: in <module>\n    from agent.validation_steps.syntax_validator import ValidateJsonSyntax\nagent/validation_steps/__init__.py:8: in <module>\n    from .syntax_validator import SyntaxValidator\nagent/validation_steps/syntax_validator.py:3: in <module>\n    from jsonschema import validate, ValidationError\nE   ModuleNotFoundError: No module named 'jsonschema'\n______________ ERROR collecting tests/agent/test_cycle_runner.py _______________\nImportError while importing test module '/tmp/hephaestus_sandbox_assi068y/tests/agent/test_cycle_runner.py'.\nHint: make sure your test modules/packages have valid Python names.\nTraceback:\n/home/arthur/.pyenv/versions/3.11.9/lib/python3.11/importlib/__init__.py:126: in import_module\n    return _bootstrap._gcd_import(name[level:], package, level)\n           ^^^^^^^^^^^^^^^^^^^^^^^^^^^^^^^^^^^^^^^^^^^^^^^^^^^^\ntests/agent/test_cycle_runner.py:4: in <module>\n    from agent.hephaestus_agent import HephaestusAgent\nagent/hephaestus_agent.py:24: in <module>\n    from agent.validation_steps import get_validation_step\nagent/validation_steps/__init__.py:8: in <module>\n    from .syntax_validator import SyntaxValidator\nagent/validation_steps/syntax_validator.py:3: in <module>\n    from jsonschema import validate, ValidationError\nE   ModuleNotFoundError: No module named 'jsonschema'\n____ ERROR collecting tests/agent/validation_steps/test_patch_applicator.py ____\nimport file mismatch:\nimported module 'test_patch_applicator' has this __file__ attribute:\n  /tmp/hephaestus_sandbox_assi068y/tests/agent/test_patch_applicator.py\nwhich is not the same as the test file we want to collect:\n  /tmp/hephaestus_sandbox_assi068y/tests/agent/validation_steps/test_patch_applicator.py\nHINT: remove __pycache__ / .pyc files and/or use a unique basename for your test file modules\n_ ERROR collecting tests/agent/validation_steps/test_pytest_new_file_validator.py _\nImportError while importing test module '/tmp/hephaestus_sandbox_assi068y/tests/agent/validation_steps/test_pytest_new_file_validator.py'.\nHint: make sure your test modules/packages have valid Python names.\nTraceback:\n/home/arthur/.pyenv/versions/3.11.9/lib/python3.11/importlib/__init__.py:126: in import_module\n    return _bootstrap._gcd_import(name[level:], package, level)\n           ^^^^^^^^^^^^^^^^^^^^^^^^^^^^^^^^^^^^^^^^^^^^^^^^^^^^\n/home/arthur/projects/agente_autonomo/tests/agent/validation_steps/test_pytest_new_file_validator.py:7: in <module>\n    from agent.validation_steps.pytest_new_file_validator import PytestNewFileValidator\nagent/validation_steps/__init__.py:8: in <module>\n    from .syntax_validator import SyntaxValidator\nagent/validation_steps/syntax_validator.py:3: in <module>\n    from jsonschema import validate, ValidationError\nE   ModuleNotFoundError: No module named 'jsonschema'\n____ ERROR collecting tests/agent/validation_steps/test_syntax_validator.py ____\nImportError while importing test module '/tmp/hephaestus_sandbox_assi068y/tests/agent/validation_steps/test_syntax_validator.py'.\nHint: make sure your test modules/packages have valid Python names.\nTraceback:\n/home/arthur/.pyenv/versions/3.11.9/lib/python3.11/importlib/__init__.py:126: in import_module\n    return _bootstrap._gcd_import(name[level:], package, level)\n           ^^^^^^^^^^^^^^^^^^^^^^^^^^^^^^^^^^^^^^^^^^^^^^^^^^^^\ntests/agent/validation_steps/test_syntax_validator.py:2: in <module>\n    from agent.validation_steps.syntax_validator import ValidateJsonSyntax\nagent/validation_steps/__init__.py:8: in <module>\n    from .syntax_validator import SyntaxValidator\nagent/validation_steps/syntax_validator.py:3: in <module>\n    from jsonschema import validate, ValidationError\nE   ModuleNotFoundError: No module named 'jsonschema'\n=========================== short test summary info ============================\nERROR tests/agent/test_config_loader.py\nERROR tests/agent/test_cycle_runner.py\nERROR tests/agent/validation_steps/test_patch_applicator.py\nERROR tests/agent/validation_steps/test_pytest_new_file_validator.py\nERROR tests/agent/validation_steps/test_syntax_validator.py\n!!!!!!!!!!!!!!!!!!! Interrupted: 5 errors during collection !!!!!!!!!!!!!!!!!!!!\n============================== 5 errors in 0.65s ===============================\n\nStderr:\n",
            "date": "2025-07-04T02:34:58.618967+00:00",
            "status": "failed"
        },
        {
            "objective": "\"Refatorar as fun√ß√µes `generate_next_objective` (CC:43, LOC:162) em `agent/brain.py` e `update_project_manifest` (CC:45, LOC:188) em `agent/project_scanner.py`, dividindo-as em subfun√ß√µes especializadas para reduzir complexidade e melhorar a coes√£o. Paralelamente, criar testes unit√°rios em `tests/agent/test_brain.py` e `tests/agent/test_project_scanner.py` para validar a l√≥gica de gera√ß√£o de objetivos e atualiza√ß√£o do manifesto, e integrar uma estrat√©gia `CYCLOMATIC_COMPLEXITY_CHECK` no `hephaestus_config.json` para bloquear patches com CC > 30 antes da aplica√ß√£o, alinhando-se √† fase 'Refatora√ß√£o Orientada a Capacidades' do roadmap e prevenindo falhas recorrentes em valida√ß√£o de sintaxe e testes.\"",
            "reason": "SYNTAX_VALIDATION_FAILED_IN_SANDBOX",
            "details": "hephaestus_config.json: Extra data",
            "date": "2025-07-04T02:35:37.750221+00:00",
            "status": "failed"
        },
        {
            "objective": "**Next Strategic Objective:**  \n\"Create comprehensive unit tests for the `syntax_validator.py` module in `tests/agent/validation_steps/test_syntax_validator.py`, focusing on functions like `validate_config_structure` and `validate_indentation`. Integrate these tests into the `COMPREHENSIVE_PRE_VALIDATION` workflow to ensure syntax checks for both Python and JSON files are robust, reducing failures in `SYNTAX_AND_PYTEST` and improving the success rate of `CAPACITATION_REQUIRED` by validating self-improvement logic before application.\"  \n\n**Rationale:**  \n1. **RSI Alignment:** Addresses gaps in validation reliability (Phase 1: \"Meta-Cogni√ß√£o e An√°lise de Performance\") by ensuring syntax checks are rigorously tested.  \n2. **Performance Gap:** Directly targets syntax validation failures (e.g., `SYNTAX_VALIDATION_FAILED_IN_SANDBOX`) that hinder capacity-related updates.  \n3. **Code Quality:** Ensures critical validation logic is tested, preventing regressions in config and code structure checks.  \n4. **Test Coverage:** Fills the missing test file for `syntax_validator.py`, a key module in the validation pipeline.  \n5. **Actionable Specificity:** Specifies test creation for `validate_config_structure` and `validate_indentation`, with integration into pre-validation steps to avoid repeating syntax errors.",
            "reason": "PYTEST_FAILED",
            "details": "Pytest failed for tests/agent/validation_steps/test_syntax_validator.py (exit code 2).\nSTDOUT:\n============================= test session starts ==============================\nplatform linux -- Python 3.11.9, pytest-8.4.1, pluggy-1.6.0\nrootdir: /tmp/hephaestus_sandbox_welx9tvl\nconfigfile: pyproject.toml\nplugins: mock-3.14.1, anyio-4.9.0, hydra-core-1.3.2\ncollected 0 items / 1 error\n\n==================================== ERRORS ====================================\n____ ERROR collecting tests/agent/validation_steps/test_syntax_validator.py ____\nImportError while importing test module '/tmp/hephaestus_sandbox_welx9tvl/tests/agent/validation_steps/test_syntax_validator.py'.\nHint: make sure your test modules/packages have valid Python names.\nTraceback:\n/home/arthur/.pyenv/versions/3.11.9/lib/python3.11/importlib/__init__.py:126: in import_module\n    return _bootstrap._gcd_import(name[level:], package, level)\n           ^^^^^^^^^^^^^^^^^^^^^^^^^^^^^^^^^^^^^^^^^^^^^^^^^^^^\ntests/agent/validation_steps/test_syntax_validator.py:2: in <module>\n    from agent.validation_steps.syntax_validator import ValidateJsonSyntax\nagent/validation_steps/__init__.py:8: in <module>\n    from .syntax_validator import SyntaxValidator\nagent/validation_steps/syntax_validator.py:3: in <module>\n    from jsonschema import validate, ValidationError\nE   ModuleNotFoundError: No module named 'jsonschema'\n=========================== short test summary info ============================\nERROR tests/agent/validation_steps/test_syntax_validator.py\n!!!!!!!!!!!!!!!!!!!! Interrupted: 1 error during collection !!!!!!!!!!!!!!!!!!!!\n=============================== 1 error in 0.59s ===============================\nSTDERR:\n",
            "date": "2025-07-04T02:36:35.670808+00:00",
            "status": "failed"
        },
        {
            "objective": "\"Refatorar a fun√ß√£o `generate_next_objective()` em `agent/brain.py` (LOC: 162, CC: 43), dividindo-a em subfun√ß√µes especializadas para reduzir complexidade e melhorar a coes√£o, com foco em modularizar a l√≥gica de an√°lise de performance e gera√ß√£o de objetivos de capacita√ß√£o. Paralelamente, criar testes unit√°rios em `tests/agent/test_brain.py` para validar a estabilidade da refatora√ß√£o e integrar uma estrat√©gia `CAPACITATION_VALIDATION_CHECK` no `hephaestus_config.json` para garantir que objetivos de capacita√ß√£o sejam alinhados a melhorias estruturais e n√£o apenas a m√©tricas de c√≥digo, prevenindo falhas recorrentes na fase 'Refatora√ß√£o Orientada a Capacidades' do roadmap.\"",
            "reason": "JSON_SYNTAX_VALIDATION_FAILED",
            "details": "hephaestus_config.json: Extra data",
            "date": "2025-07-04T02:39:10.618444+00:00",
            "status": "failed"
        },
        {
            "objective": "[CONFIGURATION FIX] The CAPACITATION_VALIDATION_CHECK strategy addition to hephaestus_config.json failed due to JSON syntax validation errors (Extra data). Correct the configuration file by ensuring proper JSON structure when integrating the new validation strategy under \"validation_strategies\". The original patch attempt included:\n\"validation_strategies\": {\n    \"main\": \"pytest_validation\",\n    \"CAPACITATION_VALIDATION_CHECK\": {\n        \"type\": \"structural_alignment\",\n        \"priority\": 2,\n        \"criteria\": [\n            \"code_modularity\",\n            \"design_patterns\",\n            \"system_architecture_evolution\"\n        ]\n    }\n},\nVerify that this block is correctly formatted without trailing commas or missing brackets.",
            "reason": "JSON_SYNTAX_VALIDATION_FAILED",
            "details": "agent/hephaestus_config.json: Extra data",
            "date": "2025-07-04T02:40:27.101498+00:00",
            "status": "failed"
        },
        {
            "objective": "\"Corrigir os erros de sintaxe JSON no `hephaestus_config.json` causados por formata√ß√£o incorreta ao adicionar novas estrat√©gias de valida√ß√£o, validando estruturalmente a integridade do arquivo antes da aplica√ß√£o de patches. Paralelamente, criar testes unit√°rios em `tests/agent/test_config_loader.py` e `tests/agent/validation_steps/test_syntax_validator.py` para garantir que altera√ß√µes no config sejam validadas com rigor, e integrar uma verifica√ß√£o de sintaxe JSON no fluxo de `COMPREHENSIVE_PRE_VALIDATION` para evitar falhas recorrentes em estrat√©gias como `CAPACITATION_REQUIRED` e `CONFIG_SYNTAX_CHECK`.\"",
            "reason": "SYNTAX_VALIDATION_FAILED_IN_SANDBOX",
            "details": "agent/hephaestus_config.json: Extra data",
            "date": "2025-07-04T03:00:55.574266+00:00",
            "status": "failed"
        },
        {
            "objective": "\"Implementar uma valida√ß√£o de esquema JSON no `hephaestus_config.json` via nova estrat√©gia `JSON_SCHEMA_VALIDATION` no `hephaestus_config.json`, integrada ao fluxo `COMPREHENSIVE_PRE_VALIDATION` antes de aplicar patches. Paralelamente, criar testes unit√°rios em `tests/agent/test_config_loader.py` e `tests/agent/utils/test_json_parser.py` para garantir que altera√ß√µes no config passem por valida√ß√£o estrutural rigorosa, evitando falhas recorrentes em estrat√©gias como `CONFIG_SYNTAX_CHECK` e `CONFIG_UPDATE_STRATEGY`.\"  \n\n**Rationale:**  \n1. **RSI Alignment:** Direciona para aprimorar a valida√ß√£o de configura√ß√µes (estrat√©gia din√¢mica) e garantir que patches n√£o introduzam erros estruturais, alinhado a \"Gerenciamento de Estrat√©gias Din√¢micas\" (Fase 1) e \"Auto-Aprimoramento de Ferramentas\" (Fase 2).  \n2. **Performance Gap:** Resolve falhas cr√≠ticas em `CONFIG_SYNTAX_CHECK` (0% de sucesso) e `CONFIG_UPDATE_STRATEGY` (57% de sucesso), causadas por erros de sintaxe/estrutura no config.  \n3. **Code Quality:** Aborda a falta de valida√ß√£o estrutural no `config_loader.py` e `json_parser.py`, m√≥dulos com alta complexidade e aus√™ncia de testes, reduzindo riscos de falhas no sandbox.  \n4. **Test Coverage:** Preenche lacunas de testes para m√≥dulos cr√≠ticos (`config_loader.py`, `json_parser.py`) e adiciona valida√ß√£o proativa de esquema JSON.  \n5. **Actionable Specificity:** Define a√ß√µes claras (valida√ß√£o de esquema, cria√ß√£o de testes, integra√ß√£o na pre-valida√ß√£o) com foco em evitar repeti√ß√£o de falhas anteriores.\n\n[CODE REVIEW FEEDBACK]\nPlease address the following issues in your new plan:\n1. Inline imports in `validate_config_structure` should be moved to the top of the module for PEP8 compliance. 2. The JSON schema in `syntax_validator.py` lacks validation for required fields within step objects (e.g., ensuring 'name' and 'enabled' are present in each step). 3. Tests do not verify logging behavior (e.g., checking if logger.error is called with expected messages on validation failure). 4. The `test_json_schema_validation` test case should explicitly validate that the loaded config matches the schema, not just return True. 5. The `parse_json_response` test in `test_json_parser.py` does not assert the logger is used correctly during parsing failures.",
            "reason": "NO_NEW_TEST_FILE_PATCH",
            "details": "No patch found for creating a new test file.",
            "date": "2025-07-04T03:04:40.418293+00:00",
            "status": "failed"
        }
    ],
    "acquired_capabilities": [],
    "recent_objectives_log": [
        {
            "objective": "\"Refatorar a fun√ß√£o `generate_next_objective()` em `agent/brain.py` (LOC: 162, CC: 43), dividindo-a em subfun√ß√µes especializadas para reduzir complexidade e melhorar a coes√£o, com foco em modularizar a l√≥gica de an√°lise de performance e gera√ß√£o de objetivos de capacita√ß√£o. Paralelamente, criar testes unit√°rios em `tests/agent/test_brain.py` para validar a estabilidade da refatora√ß√£o e integrar uma estrat√©gia `CAPACITATION_VALIDATION_CHECK` no `hephaestus_config.json` para garantir que objetivos de capacita√ß√£o sejam alinhados a melhorias estruturais e n√£o apenas a m√©tricas de c√≥digo, prevenindo falhas recorrentes na fase 'Refatora√ß√£o Orientada a Capacidades' do roadmap.\"",
            "status": "failure",
            "date": "2025-07-04T02:39:10.618463+00:00"
        },
        {
            "objective": "[CONFIGURATION FIX] The CAPACITATION_VALIDATION_CHECK strategy addition to hephaestus_config.json failed due to JSON syntax validation errors (Extra data). Correct the configuration file by ensuring proper JSON structure when integrating the new validation strategy under \"validation_strategies\". The original patch attempt included:\n\"validation_strategies\": {\n    \"main\": \"pytest_validation\",\n    \"CAPACITATION_VALIDATION_CHECK\": {\n        \"type\": \"structural_alignment\",\n        \"priority\": 2,\n        \"criteria\": [\n            \"code_modularity\",\n            \"design_patterns\",\n            \"system_architecture_evolution\"\n        ]\n    }\n},\nVerify that this block is correctly formatted without trailing commas or missing brackets.",
            "status": "failure",
            "date": "2025-07-04T02:40:27.101513+00:00"
        },
        {
            "objective": "\"Corrigir os erros de sintaxe JSON no `hephaestus_config.json` causados por formata√ß√£o incorreta ao adicionar novas estrat√©gias de valida√ß√£o, validando estruturalmente a integridade do arquivo antes da aplica√ß√£o de patches. Paralelamente, criar testes unit√°rios em `tests/agent/test_config_loader.py` e `tests/agent/validation_steps/test_syntax_validator.py` para garantir que altera√ß√µes no config sejam validadas com rigor, e integrar uma verifica√ß√£o de sintaxe JSON no fluxo de `COMPREHENSIVE_PRE_VALIDATION` para evitar falhas recorrentes em estrat√©gias como `CAPACITATION_REQUIRED` e `CONFIG_SYNTAX_CHECK`.\"",
            "status": "failure",
            "reason": "SYNTAX_VALIDATION_FAILED_IN_SANDBOX",
            "date": "2025-07-04T03:00:55.574287+00:00"
        },
        {
            "objective": "**Next Strategic Objective:**  \n\"Implementar uma valida√ß√£o estrutural robusta para o `hephaestus_config.json` antes de qualquer atualiza√ß√£o, corrigindo falhas na estrat√©gia `CONFIG_SYNTAX_CHECK` (0% de sucesso). Criar testes unit√°rios em `tests/agent/validation_steps/test_syntax_validator.py` e `tests/agent/config_loader.py` para garantir que altera√ß√µes no config respeitem o esquema definido, e integrar uma verifica√ß√£o de estrutura JSON no fluxo de `COMPREHENSIVE_PRE_VALIDATION` para bloquear patches inv√°lidos, com foco em evitar erros de 'Extra data' e garantir conformidade com o manifesto de capacidades.\"  \n\n**Rationale:**  \n1. **RSI Alignment:** Direciona para otimiza√ß√£o de estrat√©gias de valida√ß√£o (`CONFIG_SYNTAX_CHECK`) e melhoria de testes, alinhado a \"Estrat√©gias de Valida√ß√£o Din√¢micas\" (Fase 2).  \n2. **Performance Gap:** Resolve falhas cr√≠ticas em `CONFIG_SYNTAX_CHECK` e previne erros recorrentes em `CONFIG_UPDATE_STRATEGY` causados por formata√ß√£o incorreta.  \n3. **Code Quality:** Aborda a falta de valida√ß√£o estrutural no `config_loader.py` e `syntax_validator.py`, m√≥dulos essenciais para integridade do config.  \n4. **Test Coverage:** Preenche lacunas de testes para valida√ß√£o de estrutura JSON e carregamento de config, garantindo detec√ß√£o proativa de erros.  \n5. **Actionable Specificity:** Define a√ß√µes claras (valida√ß√£o estrutural, cria√ß√£o de testes, integra√ß√£o no fluxo de pre-valida√ß√£o) com foco em corrigir a causa raiz das falhas recentes.\n\n[CODE REVIEW FEEDBACK]\nPlease address the following issues in your new plan:\n1. The schema in `validate_config_structure` does not restrict additional properties (e.g., extra fields in `agent` or `validation`), allowing invalid configurations. Add `additionalProperties: False` to relevant schema sections.\n2. `test_valid_config_structure` incorrectly expects a ValueError for a valid configuration. Remove the first `pytest.raises` block and ensure the test passes without exceptions.\n3. `test_invalid_config_structure` fails to validate unauthorized top-level fields (e.g., `unauthorized_field`) because the schema does not enforce strict structure at the root level. Add `additionalProperties: False` to the top-level schema.\n4. In `config_loader.py`, the import path `from agent.validation_steps.syntax.syntax` is incorrect. It should be `from agent.validation_steps.syntax_validator`.\n5. `test_load_config_invalid_structure` does not pass the `invalid_config` to `load_config`, making the test invalid. Fix the test to use the provided invalid configuration.",
            "status": "success",
            "reason": null,
            "date": "2025-07-04T03:03:15.779580+00:00"
        },
        {
            "objective": "\"Implementar uma valida√ß√£o de esquema JSON no `hephaestus_config.json` via nova estrat√©gia `JSON_SCHEMA_VALIDATION` no `hephaestus_config.json`, integrada ao fluxo `COMPREHENSIVE_PRE_VALIDATION` antes de aplicar patches. Paralelamente, criar testes unit√°rios em `tests/agent/test_config_loader.py` e `tests/agent/utils/test_json_parser.py` para garantir que altera√ß√µes no config passem por valida√ß√£o estrutural rigorosa, evitando falhas recorrentes em estrat√©gias como `CONFIG_SYNTAX_CHECK` e `CONFIG_UPDATE_STRATEGY`.\"  \n\n**Rationale:**  \n1. **RSI Alignment:** Direciona para aprimorar a valida√ß√£o de configura√ß√µes (estrat√©gia din√¢mica) e garantir que patches n√£o introduzam erros estruturais, alinhado a \"Gerenciamento de Estrat√©gias Din√¢micas\" (Fase 1) e \"Auto-Aprimoramento de Ferramentas\" (Fase 2).  \n2. **Performance Gap:** Resolve falhas cr√≠ticas em `CONFIG_SYNTAX_CHECK` (0% de sucesso) e `CONFIG_UPDATE_STRATEGY` (57% de sucesso), causadas por erros de sintaxe/estrutura no config.  \n3. **Code Quality:** Aborda a falta de valida√ß√£o estrutural no `config_loader.py` e `json_parser.py`, m√≥dulos com alta complexidade e aus√™ncia de testes, reduzindo riscos de falhas no sandbox.  \n4. **Test Coverage:** Preenche lacunas de testes para m√≥dulos cr√≠ticos (`config_loader.py`, `json_parser.py`) e adiciona valida√ß√£o proativa de esquema JSON.  \n5. **Actionable Specificity:** Define a√ß√µes claras (valida√ß√£o de esquema, cria√ß√£o de testes, integra√ß√£o na pre-valida√ß√£o) com foco em evitar repeti√ß√£o de falhas anteriores.\n\n[CODE REVIEW FEEDBACK]\nPlease address the following issues in your new plan:\n1. Inline imports in `validate_config_structure` should be moved to the top of the module for PEP8 compliance. 2. The JSON schema in `syntax_validator.py` lacks validation for required fields within step objects (e.g., ensuring 'name' and 'enabled' are present in each step). 3. Tests do not verify logging behavior (e.g., checking if logger.error is called with expected messages on validation failure). 4. The `test_json_schema_validation` test case should explicitly validate that the loaded config matches the schema, not just return True. 5. The `parse_json_response` test in `test_json_parser.py` does not assert the logger is used correctly during parsing failures.",
            "status": "failure",
            "reason": "NO_NEW_TEST_FILE_PATCH",
            "date": "2025-07-04T03:04:40.418307+00:00"
        }
    ],
    "semantic_patterns": {},
    "learned_heuristics": {},
    "semantic_clusters": {}
}